{"/home/jordi/bootcamp/collab/skylab-bootcamp-201901/staff/jordi-pujol/coworking/coworking-api/src/cors/index.spec.js":{"path":"/home/jordi/bootcamp/collab/skylab-bootcamp-201901/staff/jordi-pujol/coworking/coworking-api/src/cors/index.spec.js","statementMap":{},"fnMap":{},"branchMap":{},"s":{},"f":{},"b":{},"_coverageSchema":"43e27e138ebf9cfc5966b082cf9a028302ed4184","hash":"2fb288feb9dfe159563239e7975c3acff924cad5","contentHash":"9dfc4fab5f848e05444f10d32b1533ccbf4dc0a2651eac585e9d29b753106da1"},"/home/jordi/bootcamp/collab/skylab-bootcamp-201901/staff/jordi-pujol/coworking/coworking-api/src/token-helper/index.spec.js":{"path":"/home/jordi/bootcamp/collab/skylab-bootcamp-201901/staff/jordi-pujol/coworking/coworking-api/src/token-helper/index.spec.js","statementMap":{},"fnMap":{},"branchMap":{},"s":{},"f":{},"b":{},"_coverageSchema":"43e27e138ebf9cfc5966b082cf9a028302ed4184","hash":"113c04d13fc194eefaf5f08662ffe5d69eae6db9","contentHash":"756790728e2bbed4746cd0cfa3956f3a40729c3400660241a062c871ba48f2c7"},"/home/jordi/bootcamp/collab/skylab-bootcamp-201901/staff/jordi-pujol/coworking/coworking-api/src/logic/index.spec.js":{"path":"/home/jordi/bootcamp/collab/skylab-bootcamp-201901/staff/jordi-pujol/coworking/coworking-api/src/logic/index.spec.js","statementMap":{"0":{"start":{"line":3,"column":0},"end":{"line":3,"column":26}},"1":{"start":{"line":5,"column":0},"end":{"line":5,"column":27}},"2":{"start":{"line":7,"column":49},"end":{"line":7,"column":74}},"3":{"start":{"line":8,"column":21},"end":{"line":8,"column":46}},"4":{"start":{"line":9,"column":15},"end":{"line":9,"column":32}},"5":{"start":{"line":10,"column":14},"end":{"line":10,"column":26}},"6":{"start":{"line":11,"column":15},"end":{"line":11,"column":32}},"7":{"start":{"line":12,"column":20},"end":{"line":12,"column":46}},"8":{"start":{"line":14,"column":45},"end":{"line":14,"column":52}},"9":{"start":{"line":16,"column":0},"end":{"line":16,"column":34}},"10":{"start":{"line":18,"column":0},"end":{"line":2592,"column":2}},"11":{"start":{"line":19,"column":4},"end":{"line":19,"column":74}},"12":{"start":{"line":19,"column":17},"end":{"line":19,"column":73}},"13":{"start":{"line":21,"column":4},"end":{"line":27,"column":5}},"14":{"start":{"line":22,"column":8},"end":{"line":26,"column":10}},"15":{"start":{"line":29,"column":4},"end":{"line":372,"column":6}},"16":{"start":{"line":30,"column":21},"end":{"line":30,"column":30}},"17":{"start":{"line":31,"column":24},"end":{"line":31,"column":31}},"18":{"start":{"line":32,"column":22},"end":{"line":32,"column":57}},"19":{"start":{"line":33,"column":25},"end":{"line":33,"column":47}},"20":{"start":{"line":34,"column":32},"end":{"line":34,"column":40}},"21":{"start":{"line":35,"column":24},"end":{"line":35,"column":29}},"22":{"start":{"line":36,"column":25},"end":{"line":36,"column":34}},"23":{"start":{"line":38,"column":8},"end":{"line":54,"column":10}},"24":{"start":{"line":39,"column":23},"end":{"line":39,"column":106}},"25":{"start":{"line":41,"column":12},"end":{"line":41,"column":36}},"26":{"start":{"line":42,"column":12},"end":{"line":42,"column":44}},"27":{"start":{"line":44,"column":25},"end":{"line":44,"column":54}},"28":{"start":{"line":46,"column":12},"end":{"line":46,"column":40}},"29":{"start":{"line":47,"column":12},"end":{"line":47,"column":46}},"30":{"start":{"line":48,"column":12},"end":{"line":48,"column":42}},"31":{"start":{"line":49,"column":12},"end":{"line":49,"column":46}},"32":{"start":{"line":51,"column":26},"end":{"line":51,"column":71}},"33":{"start":{"line":53,"column":12},"end":{"line":53,"column":38}},"34":{"start":{"line":56,"column":8},"end":{"line":68,"column":10}},"35":{"start":{"line":57,"column":25},"end":{"line":57,"column":31}},"36":{"start":{"line":58,"column":28},"end":{"line":58,"column":35}},"37":{"start":{"line":59,"column":26},"end":{"line":59,"column":44}},"38":{"start":{"line":60,"column":29},"end":{"line":60,"column":51}},"39":{"start":{"line":61,"column":36},"end":{"line":61,"column":59}},"40":{"start":{"line":62,"column":29},"end":{"line":62,"column":38}},"41":{"start":{"line":64,"column":12},"end":{"line":66,"column":59}},"42":{"start":{"line":65,"column":16},"end":{"line":65,"column":93}},"43":{"start":{"line":70,"column":8},"end":{"line":83,"column":10}},"44":{"start":{"line":71,"column":25},"end":{"line":71,"column":31}},"45":{"start":{"line":72,"column":28},"end":{"line":72,"column":35}},"46":{"start":{"line":73,"column":26},"end":{"line":73,"column":44}},"47":{"start":{"line":74,"column":29},"end":{"line":74,"column":51}},"48":{"start":{"line":75,"column":29},"end":{"line":75,"column":38}},"49":{"start":{"line":77,"column":12},"end":{"line":82,"column":17}},"50":{"start":{"line":78,"column":28},"end":{"line":78,"column":98}},"51":{"start":{"line":80,"column":20},"end":{"line":80,"column":83}},"52":{"start":{"line":85,"column":8},"end":{"line":91,"column":10}},"53":{"start":{"line":86,"column":25},"end":{"line":86,"column":34}},"54":{"start":{"line":88,"column":12},"end":{"line":90,"column":65}},"55":{"start":{"line":89,"column":16},"end":{"line":89,"column":86}},"56":{"start":{"line":93,"column":8},"end":{"line":102,"column":10}},"57":{"start":{"line":94,"column":25},"end":{"line":94,"column":27}},"58":{"start":{"line":95,"column":28},"end":{"line":95,"column":35}},"59":{"start":{"line":96,"column":26},"end":{"line":96,"column":44}},"60":{"start":{"line":97,"column":29},"end":{"line":97,"column":51}},"61":{"start":{"line":99,"column":12},"end":{"line":101,"column":60}},"62":{"start":{"line":100,"column":16},"end":{"line":100,"column":105}},"63":{"start":{"line":105,"column":8},"end":{"line":114,"column":10}},"64":{"start":{"line":106,"column":25},"end":{"line":106,"column":29}},"65":{"start":{"line":107,"column":28},"end":{"line":107,"column":35}},"66":{"start":{"line":108,"column":26},"end":{"line":108,"column":44}},"67":{"start":{"line":109,"column":29},"end":{"line":109,"column":51}},"68":{"start":{"line":111,"column":12},"end":{"line":113,"column":60}},"69":{"start":{"line":112,"column":16},"end":{"line":112,"column":95}},"70":{"start":{"line":116,"column":8},"end":{"line":126,"column":10}},"71":{"start":{"line":117,"column":25},"end":{"line":117,"column":27}},"72":{"start":{"line":118,"column":28},"end":{"line":118,"column":35}},"73":{"start":{"line":119,"column":26},"end":{"line":119,"column":44}},"74":{"start":{"line":120,"column":29},"end":{"line":120,"column":51}},"75":{"start":{"line":121,"column":28},"end":{"line":121,"column":35}},"76":{"start":{"line":123,"column":12},"end":{"line":125,"column":60}},"77":{"start":{"line":124,"column":16},"end":{"line":124,"column":95}},"78":{"start":{"line":128,"column":8},"end":{"line":138,"column":10}},"79":{"start":{"line":129,"column":25},"end":{"line":129,"column":27}},"80":{"start":{"line":130,"column":28},"end":{"line":130,"column":35}},"81":{"start":{"line":131,"column":26},"end":{"line":131,"column":44}},"82":{"start":{"line":132,"column":29},"end":{"line":132,"column":51}},"83":{"start":{"line":133,"column":28},"end":{"line":133,"column":35}},"84":{"start":{"line":135,"column":12},"end":{"line":137,"column":60}},"85":{"start":{"line":136,"column":16},"end":{"line":136,"column":95}},"86":{"start":{"line":140,"column":8},"end":{"line":150,"column":10}},"87":{"start":{"line":141,"column":25},"end":{"line":141,"column":27}},"88":{"start":{"line":142,"column":28},"end":{"line":142,"column":35}},"89":{"start":{"line":143,"column":26},"end":{"line":143,"column":44}},"90":{"start":{"line":144,"column":29},"end":{"line":144,"column":51}},"91":{"start":{"line":145,"column":28},"end":{"line":145,"column":35}},"92":{"start":{"line":147,"column":12},"end":{"line":149,"column":55}},"93":{"start":{"line":148,"column":16},"end":{"line":148,"column":95}},"94":{"start":{"line":152,"column":8},"end":{"line":162,"column":10}},"95":{"start":{"line":153,"column":25},"end":{"line":153,"column":34}},"96":{"start":{"line":154,"column":28},"end":{"line":154,"column":37}},"97":{"start":{"line":155,"column":26},"end":{"line":155,"column":44}},"98":{"start":{"line":156,"column":29},"end":{"line":156,"column":51}},"99":{"start":{"line":157,"column":28},"end":{"line":157,"column":35}},"100":{"start":{"line":159,"column":12},"end":{"line":161,"column":63}},"101":{"start":{"line":160,"column":16},"end":{"line":160,"column":95}},"102":{"start":{"line":164,"column":8},"end":{"line":174,"column":10}},"103":{"start":{"line":165,"column":25},"end":{"line":165,"column":34}},"104":{"start":{"line":166,"column":28},"end":{"line":166,"column":30}},"105":{"start":{"line":167,"column":26},"end":{"line":167,"column":44}},"106":{"start":{"line":168,"column":29},"end":{"line":168,"column":51}},"107":{"start":{"line":169,"column":28},"end":{"line":169,"column":35}},"108":{"start":{"line":171,"column":12},"end":{"line":173,"column":63}},"109":{"start":{"line":172,"column":16},"end":{"line":172,"column":95}},"110":{"start":{"line":176,"column":8},"end":{"line":186,"column":10}},"111":{"start":{"line":177,"column":25},"end":{"line":177,"column":34}},"112":{"start":{"line":178,"column":28},"end":{"line":178,"column":33}},"113":{"start":{"line":179,"column":26},"end":{"line":179,"column":44}},"114":{"start":{"line":180,"column":29},"end":{"line":180,"column":51}},"115":{"start":{"line":181,"column":28},"end":{"line":181,"column":35}},"116":{"start":{"line":183,"column":12},"end":{"line":185,"column":63}},"117":{"start":{"line":184,"column":16},"end":{"line":184,"column":95}},"118":{"start":{"line":188,"column":8},"end":{"line":198,"column":10}},"119":{"start":{"line":189,"column":25},"end":{"line":189,"column":34}},"120":{"start":{"line":190,"column":28},"end":{"line":190,"column":30}},"121":{"start":{"line":191,"column":26},"end":{"line":191,"column":44}},"122":{"start":{"line":192,"column":29},"end":{"line":192,"column":51}},"123":{"start":{"line":193,"column":28},"end":{"line":193,"column":35}},"124":{"start":{"line":195,"column":12},"end":{"line":197,"column":63}},"125":{"start":{"line":196,"column":16},"end":{"line":196,"column":95}},"126":{"start":{"line":200,"column":8},"end":{"line":210,"column":10}},"127":{"start":{"line":201,"column":25},"end":{"line":201,"column":34}},"128":{"start":{"line":202,"column":28},"end":{"line":202,"column":30}},"129":{"start":{"line":203,"column":26},"end":{"line":203,"column":44}},"130":{"start":{"line":204,"column":29},"end":{"line":204,"column":51}},"131":{"start":{"line":205,"column":28},"end":{"line":205,"column":35}},"132":{"start":{"line":207,"column":12},"end":{"line":209,"column":63}},"133":{"start":{"line":208,"column":16},"end":{"line":208,"column":94}},"134":{"start":{"line":212,"column":8},"end":{"line":223,"column":10}},"135":{"start":{"line":213,"column":25},"end":{"line":213,"column":34}},"136":{"start":{"line":214,"column":28},"end":{"line":214,"column":30}},"137":{"start":{"line":215,"column":26},"end":{"line":215,"column":44}},"138":{"start":{"line":216,"column":29},"end":{"line":216,"column":51}},"139":{"start":{"line":217,"column":28},"end":{"line":217,"column":35}},"140":{"start":{"line":220,"column":12},"end":{"line":222,"column":58}},"141":{"start":{"line":221,"column":16},"end":{"line":221,"column":94}},"142":{"start":{"line":225,"column":8},"end":{"line":236,"column":10}},"143":{"start":{"line":226,"column":25},"end":{"line":226,"column":34}},"144":{"start":{"line":227,"column":28},"end":{"line":227,"column":35}},"145":{"start":{"line":228,"column":26},"end":{"line":228,"column":35}},"146":{"start":{"line":229,"column":29},"end":{"line":229,"column":51}},"147":{"start":{"line":230,"column":28},"end":{"line":230,"column":35}},"148":{"start":{"line":233,"column":12},"end":{"line":235,"column":61}},"149":{"start":{"line":234,"column":16},"end":{"line":234,"column":94}},"150":{"start":{"line":238,"column":8},"end":{"line":249,"column":10}},"151":{"start":{"line":239,"column":25},"end":{"line":239,"column":34}},"152":{"start":{"line":240,"column":28},"end":{"line":240,"column":35}},"153":{"start":{"line":241,"column":26},"end":{"line":241,"column":28}},"154":{"start":{"line":242,"column":29},"end":{"line":242,"column":51}},"155":{"start":{"line":243,"column":28},"end":{"line":243,"column":35}},"156":{"start":{"line":246,"column":12},"end":{"line":248,"column":61}},"157":{"start":{"line":247,"column":16},"end":{"line":247,"column":94}},"158":{"start":{"line":251,"column":8},"end":{"line":262,"column":10}},"159":{"start":{"line":252,"column":25},"end":{"line":252,"column":34}},"160":{"start":{"line":253,"column":28},"end":{"line":253,"column":35}},"161":{"start":{"line":254,"column":26},"end":{"line":254,"column":31}},"162":{"start":{"line":255,"column":29},"end":{"line":255,"column":51}},"163":{"start":{"line":256,"column":28},"end":{"line":256,"column":35}},"164":{"start":{"line":259,"column":12},"end":{"line":261,"column":61}},"165":{"start":{"line":260,"column":16},"end":{"line":260,"column":94}},"166":{"start":{"line":264,"column":8},"end":{"line":275,"column":10}},"167":{"start":{"line":265,"column":25},"end":{"line":265,"column":34}},"168":{"start":{"line":266,"column":28},"end":{"line":266,"column":35}},"169":{"start":{"line":267,"column":26},"end":{"line":267,"column":28}},"170":{"start":{"line":268,"column":29},"end":{"line":268,"column":51}},"171":{"start":{"line":269,"column":28},"end":{"line":269,"column":35}},"172":{"start":{"line":272,"column":12},"end":{"line":274,"column":61}},"173":{"start":{"line":273,"column":16},"end":{"line":273,"column":94}},"174":{"start":{"line":277,"column":8},"end":{"line":287,"column":10}},"175":{"start":{"line":278,"column":25},"end":{"line":278,"column":34}},"176":{"start":{"line":279,"column":28},"end":{"line":279,"column":35}},"177":{"start":{"line":280,"column":26},"end":{"line":280,"column":28}},"178":{"start":{"line":281,"column":29},"end":{"line":281,"column":51}},"179":{"start":{"line":282,"column":28},"end":{"line":282,"column":35}},"180":{"start":{"line":284,"column":12},"end":{"line":286,"column":61}},"181":{"start":{"line":285,"column":16},"end":{"line":285,"column":94}},"182":{"start":{"line":289,"column":8},"end":{"line":299,"column":10}},"183":{"start":{"line":290,"column":25},"end":{"line":290,"column":34}},"184":{"start":{"line":291,"column":28},"end":{"line":291,"column":35}},"185":{"start":{"line":292,"column":26},"end":{"line":292,"column":28}},"186":{"start":{"line":293,"column":29},"end":{"line":293,"column":51}},"187":{"start":{"line":294,"column":28},"end":{"line":294,"column":35}},"188":{"start":{"line":296,"column":12},"end":{"line":298,"column":56}},"189":{"start":{"line":297,"column":16},"end":{"line":297,"column":94}},"190":{"start":{"line":301,"column":8},"end":{"line":311,"column":10}},"191":{"start":{"line":302,"column":25},"end":{"line":302,"column":34}},"192":{"start":{"line":303,"column":28},"end":{"line":303,"column":35}},"193":{"start":{"line":304,"column":26},"end":{"line":304,"column":44}},"194":{"start":{"line":305,"column":29},"end":{"line":305,"column":38}},"195":{"start":{"line":306,"column":28},"end":{"line":306,"column":35}},"196":{"start":{"line":308,"column":12},"end":{"line":310,"column":64}},"197":{"start":{"line":309,"column":16},"end":{"line":309,"column":94}},"198":{"start":{"line":313,"column":8},"end":{"line":323,"column":10}},"199":{"start":{"line":314,"column":25},"end":{"line":314,"column":34}},"200":{"start":{"line":315,"column":28},"end":{"line":315,"column":35}},"201":{"start":{"line":316,"column":26},"end":{"line":316,"column":44}},"202":{"start":{"line":317,"column":29},"end":{"line":317,"column":32}},"203":{"start":{"line":318,"column":28},"end":{"line":318,"column":35}},"204":{"start":{"line":320,"column":12},"end":{"line":322,"column":64}},"205":{"start":{"line":321,"column":16},"end":{"line":321,"column":94}},"206":{"start":{"line":325,"column":8},"end":{"line":335,"column":10}},"207":{"start":{"line":326,"column":25},"end":{"line":326,"column":34}},"208":{"start":{"line":327,"column":28},"end":{"line":327,"column":35}},"209":{"start":{"line":328,"column":26},"end":{"line":328,"column":44}},"210":{"start":{"line":329,"column":29},"end":{"line":329,"column":33}},"211":{"start":{"line":330,"column":28},"end":{"line":330,"column":35}},"212":{"start":{"line":332,"column":12},"end":{"line":334,"column":64}},"213":{"start":{"line":333,"column":16},"end":{"line":333,"column":94}},"214":{"start":{"line":337,"column":8},"end":{"line":347,"column":10}},"215":{"start":{"line":338,"column":25},"end":{"line":338,"column":34}},"216":{"start":{"line":339,"column":28},"end":{"line":339,"column":35}},"217":{"start":{"line":340,"column":26},"end":{"line":340,"column":44}},"218":{"start":{"line":341,"column":29},"end":{"line":341,"column":31}},"219":{"start":{"line":342,"column":28},"end":{"line":342,"column":35}},"220":{"start":{"line":344,"column":12},"end":{"line":346,"column":64}},"221":{"start":{"line":345,"column":16},"end":{"line":345,"column":94}},"222":{"start":{"line":349,"column":8},"end":{"line":359,"column":10}},"223":{"start":{"line":350,"column":25},"end":{"line":350,"column":34}},"224":{"start":{"line":351,"column":28},"end":{"line":351,"column":35}},"225":{"start":{"line":352,"column":26},"end":{"line":352,"column":44}},"226":{"start":{"line":353,"column":29},"end":{"line":353,"column":31}},"227":{"start":{"line":354,"column":28},"end":{"line":354,"column":35}},"228":{"start":{"line":356,"column":12},"end":{"line":358,"column":64}},"229":{"start":{"line":357,"column":16},"end":{"line":357,"column":94}},"230":{"start":{"line":361,"column":8},"end":{"line":371,"column":10}},"231":{"start":{"line":362,"column":25},"end":{"line":362,"column":34}},"232":{"start":{"line":363,"column":28},"end":{"line":363,"column":35}},"233":{"start":{"line":364,"column":26},"end":{"line":364,"column":44}},"234":{"start":{"line":365,"column":29},"end":{"line":365,"column":31}},"235":{"start":{"line":366,"column":28},"end":{"line":366,"column":35}},"236":{"start":{"line":368,"column":12},"end":{"line":370,"column":59}},"237":{"start":{"line":369,"column":16},"end":{"line":369,"column":94}},"238":{"start":{"line":374,"column":4},"end":{"line":498,"column":6}},"239":{"start":{"line":375,"column":21},"end":{"line":375,"column":30}},"240":{"start":{"line":376,"column":24},"end":{"line":376,"column":31}},"241":{"start":{"line":377,"column":22},"end":{"line":377,"column":57}},"242":{"start":{"line":378,"column":25},"end":{"line":378,"column":47}},"243":{"start":{"line":379,"column":25},"end":{"line":379,"column":34}},"244":{"start":{"line":381,"column":8},"end":{"line":385,"column":9}},"245":{"start":{"line":382,"column":12},"end":{"line":383,"column":94}},"246":{"start":{"line":383,"column":30},"end":{"line":383,"column":93}},"247":{"start":{"line":387,"column":8},"end":{"line":390,"column":9}},"248":{"start":{"line":388,"column":12},"end":{"line":389,"column":53}},"249":{"start":{"line":389,"column":28},"end":{"line":389,"column":52}},"250":{"start":{"line":392,"column":8},"end":{"line":395,"column":10}},"251":{"start":{"line":393,"column":12},"end":{"line":394,"column":106}},"252":{"start":{"line":394,"column":40},"end":{"line":394,"column":105}},"253":{"start":{"line":397,"column":8},"end":{"line":400,"column":10}},"254":{"start":{"line":398,"column":12},"end":{"line":399,"column":82}},"255":{"start":{"line":399,"column":40},"end":{"line":399,"column":81}},"256":{"start":{"line":402,"column":8},"end":{"line":408,"column":10}},"257":{"start":{"line":403,"column":26},"end":{"line":403,"column":35}},"258":{"start":{"line":405,"column":12},"end":{"line":407,"column":57}},"259":{"start":{"line":406,"column":16},"end":{"line":406,"column":55}},"260":{"start":{"line":410,"column":8},"end":{"line":416,"column":10}},"261":{"start":{"line":411,"column":26},"end":{"line":411,"column":29}},"262":{"start":{"line":413,"column":12},"end":{"line":415,"column":57}},"263":{"start":{"line":414,"column":16},"end":{"line":414,"column":55}},"264":{"start":{"line":418,"column":8},"end":{"line":424,"column":10}},"265":{"start":{"line":419,"column":26},"end":{"line":419,"column":30}},"266":{"start":{"line":421,"column":12},"end":{"line":423,"column":57}},"267":{"start":{"line":422,"column":16},"end":{"line":422,"column":55}},"268":{"start":{"line":426,"column":8},"end":{"line":432,"column":10}},"269":{"start":{"line":427,"column":26},"end":{"line":427,"column":28}},"270":{"start":{"line":429,"column":12},"end":{"line":431,"column":57}},"271":{"start":{"line":430,"column":16},"end":{"line":430,"column":55}},"272":{"start":{"line":434,"column":8},"end":{"line":440,"column":10}},"273":{"start":{"line":435,"column":26},"end":{"line":435,"column":28}},"274":{"start":{"line":437,"column":12},"end":{"line":439,"column":57}},"275":{"start":{"line":438,"column":16},"end":{"line":438,"column":55}},"276":{"start":{"line":442,"column":8},"end":{"line":448,"column":10}},"277":{"start":{"line":443,"column":26},"end":{"line":443,"column":28}},"278":{"start":{"line":445,"column":12},"end":{"line":447,"column":56}},"279":{"start":{"line":446,"column":16},"end":{"line":446,"column":55}},"280":{"start":{"line":450,"column":8},"end":{"line":456,"column":10}},"281":{"start":{"line":451,"column":29},"end":{"line":451,"column":38}},"282":{"start":{"line":453,"column":12},"end":{"line":455,"column":60}},"283":{"start":{"line":454,"column":16},"end":{"line":454,"column":55}},"284":{"start":{"line":458,"column":8},"end":{"line":464,"column":10}},"285":{"start":{"line":459,"column":29},"end":{"line":459,"column":32}},"286":{"start":{"line":461,"column":12},"end":{"line":463,"column":60}},"287":{"start":{"line":462,"column":16},"end":{"line":462,"column":55}},"288":{"start":{"line":466,"column":8},"end":{"line":472,"column":10}},"289":{"start":{"line":467,"column":29},"end":{"line":467,"column":33}},"290":{"start":{"line":469,"column":12},"end":{"line":471,"column":60}},"291":{"start":{"line":470,"column":16},"end":{"line":470,"column":55}},"292":{"start":{"line":474,"column":8},"end":{"line":480,"column":10}},"293":{"start":{"line":475,"column":29},"end":{"line":475,"column":31}},"294":{"start":{"line":477,"column":12},"end":{"line":479,"column":60}},"295":{"start":{"line":478,"column":16},"end":{"line":478,"column":55}},"296":{"start":{"line":482,"column":8},"end":{"line":488,"column":10}},"297":{"start":{"line":483,"column":29},"end":{"line":483,"column":31}},"298":{"start":{"line":485,"column":12},"end":{"line":487,"column":60}},"299":{"start":{"line":486,"column":16},"end":{"line":486,"column":55}},"300":{"start":{"line":490,"column":8},"end":{"line":496,"column":10}},"301":{"start":{"line":491,"column":29},"end":{"line":491,"column":31}},"302":{"start":{"line":493,"column":12},"end":{"line":495,"column":59}},"303":{"start":{"line":494,"column":16},"end":{"line":494,"column":55}},"304":{"start":{"line":500,"column":4},"end":{"line":582,"column":6}},"305":{"start":{"line":501,"column":21},"end":{"line":501,"column":30}},"306":{"start":{"line":502,"column":24},"end":{"line":502,"column":31}},"307":{"start":{"line":503,"column":22},"end":{"line":503,"column":57}},"308":{"start":{"line":504,"column":25},"end":{"line":504,"column":47}},"309":{"start":{"line":505,"column":24},"end":{"line":505,"column":31}},"310":{"start":{"line":506,"column":25},"end":{"line":506,"column":34}},"311":{"start":{"line":510,"column":8},"end":{"line":514,"column":9}},"312":{"start":{"line":511,"column":12},"end":{"line":513,"column":46}},"313":{"start":{"line":512,"column":30},"end":{"line":512,"column":102}},"314":{"start":{"line":513,"column":34},"end":{"line":513,"column":45}},"315":{"start":{"line":516,"column":8},"end":{"line":528,"column":9}},"316":{"start":{"line":517,"column":12},"end":{"line":527,"column":18}},"317":{"start":{"line":519,"column":20},"end":{"line":519,"column":48}},"318":{"start":{"line":520,"column":20},"end":{"line":520,"column":48}},"319":{"start":{"line":521,"column":20},"end":{"line":521,"column":54}},"320":{"start":{"line":522,"column":20},"end":{"line":522,"column":50}},"321":{"start":{"line":524,"column":20},"end":{"line":524,"column":53}},"322":{"start":{"line":525,"column":20},"end":{"line":525,"column":57}},"323":{"start":{"line":526,"column":20},"end":{"line":526,"column":52}},"324":{"start":{"line":530,"column":8},"end":{"line":533,"column":10}},"325":{"start":{"line":531,"column":12},"end":{"line":532,"column":82}},"326":{"start":{"line":532,"column":40},"end":{"line":532,"column":81}},"327":{"start":{"line":535,"column":8},"end":{"line":541,"column":10}},"328":{"start":{"line":536,"column":27},"end":{"line":536,"column":36}},"329":{"start":{"line":538,"column":12},"end":{"line":540,"column":58}},"330":{"start":{"line":539,"column":16},"end":{"line":539,"column":42}},"331":{"start":{"line":543,"column":8},"end":{"line":549,"column":10}},"332":{"start":{"line":544,"column":27},"end":{"line":544,"column":30}},"333":{"start":{"line":546,"column":12},"end":{"line":548,"column":58}},"334":{"start":{"line":547,"column":16},"end":{"line":547,"column":42}},"335":{"start":{"line":551,"column":8},"end":{"line":557,"column":10}},"336":{"start":{"line":552,"column":27},"end":{"line":552,"column":31}},"337":{"start":{"line":554,"column":12},"end":{"line":556,"column":58}},"338":{"start":{"line":555,"column":16},"end":{"line":555,"column":42}},"339":{"start":{"line":559,"column":8},"end":{"line":565,"column":10}},"340":{"start":{"line":560,"column":27},"end":{"line":560,"column":29}},"341":{"start":{"line":562,"column":12},"end":{"line":564,"column":58}},"342":{"start":{"line":563,"column":16},"end":{"line":563,"column":42}},"343":{"start":{"line":567,"column":8},"end":{"line":573,"column":10}},"344":{"start":{"line":568,"column":27},"end":{"line":568,"column":29}},"345":{"start":{"line":570,"column":12},"end":{"line":572,"column":58}},"346":{"start":{"line":571,"column":16},"end":{"line":571,"column":42}},"347":{"start":{"line":575,"column":8},"end":{"line":581,"column":10}},"348":{"start":{"line":576,"column":27},"end":{"line":576,"column":29}},"349":{"start":{"line":578,"column":12},"end":{"line":580,"column":57}},"350":{"start":{"line":579,"column":16},"end":{"line":579,"column":42}},"351":{"start":{"line":584,"column":4},"end":{"line":710,"column":6}},"352":{"start":{"line":585,"column":21},"end":{"line":585,"column":30}},"353":{"start":{"line":586,"column":24},"end":{"line":586,"column":31}},"354":{"start":{"line":587,"column":22},"end":{"line":587,"column":57}},"355":{"start":{"line":588,"column":25},"end":{"line":588,"column":47}},"356":{"start":{"line":589,"column":24},"end":{"line":589,"column":29}},"357":{"start":{"line":590,"column":25},"end":{"line":590,"column":34}},"358":{"start":{"line":592,"column":21},"end":{"line":595,"column":11}},"359":{"start":{"line":598,"column":8},"end":{"line":602,"column":9}},"360":{"start":{"line":599,"column":12},"end":{"line":601,"column":46}},"361":{"start":{"line":600,"column":30},"end":{"line":600,"column":102}},"362":{"start":{"line":601,"column":34},"end":{"line":601,"column":45}},"363":{"start":{"line":604,"column":8},"end":{"line":614,"column":10}},"364":{"start":{"line":606,"column":12},"end":{"line":613,"column":18}},"365":{"start":{"line":607,"column":35},"end":{"line":607,"column":53}},"366":{"start":{"line":609,"column":20},"end":{"line":609,"column":61}},"367":{"start":{"line":610,"column":20},"end":{"line":610,"column":67}},"368":{"start":{"line":611,"column":20},"end":{"line":611,"column":50}},"369":{"start":{"line":612,"column":20},"end":{"line":612,"column":54}},"370":{"start":{"line":615,"column":8},"end":{"line":621,"column":10}},"371":{"start":{"line":616,"column":27},"end":{"line":616,"column":36}},"372":{"start":{"line":618,"column":12},"end":{"line":620,"column":58}},"373":{"start":{"line":619,"column":16},"end":{"line":619,"column":46}},"374":{"start":{"line":623,"column":8},"end":{"line":629,"column":10}},"375":{"start":{"line":624,"column":27},"end":{"line":624,"column":30}},"376":{"start":{"line":626,"column":12},"end":{"line":628,"column":58}},"377":{"start":{"line":627,"column":16},"end":{"line":627,"column":46}},"378":{"start":{"line":631,"column":8},"end":{"line":637,"column":10}},"379":{"start":{"line":632,"column":27},"end":{"line":632,"column":31}},"380":{"start":{"line":634,"column":12},"end":{"line":636,"column":58}},"381":{"start":{"line":635,"column":16},"end":{"line":635,"column":46}},"382":{"start":{"line":639,"column":8},"end":{"line":645,"column":10}},"383":{"start":{"line":640,"column":27},"end":{"line":640,"column":29}},"384":{"start":{"line":642,"column":12},"end":{"line":644,"column":58}},"385":{"start":{"line":643,"column":16},"end":{"line":643,"column":46}},"386":{"start":{"line":647,"column":8},"end":{"line":653,"column":10}},"387":{"start":{"line":648,"column":27},"end":{"line":648,"column":29}},"388":{"start":{"line":650,"column":12},"end":{"line":652,"column":58}},"389":{"start":{"line":651,"column":16},"end":{"line":651,"column":46}},"390":{"start":{"line":655,"column":8},"end":{"line":661,"column":10}},"391":{"start":{"line":656,"column":27},"end":{"line":656,"column":29}},"392":{"start":{"line":658,"column":12},"end":{"line":660,"column":57}},"393":{"start":{"line":659,"column":16},"end":{"line":659,"column":46}},"394":{"start":{"line":663,"column":8},"end":{"line":669,"column":10}},"395":{"start":{"line":664,"column":25},"end":{"line":664,"column":34}},"396":{"start":{"line":666,"column":12},"end":{"line":668,"column":55}},"397":{"start":{"line":667,"column":16},"end":{"line":667,"column":46}},"398":{"start":{"line":671,"column":8},"end":{"line":677,"column":10}},"399":{"start":{"line":672,"column":25},"end":{"line":672,"column":28}},"400":{"start":{"line":674,"column":12},"end":{"line":676,"column":57}},"401":{"start":{"line":675,"column":16},"end":{"line":675,"column":46}},"402":{"start":{"line":679,"column":8},"end":{"line":685,"column":10}},"403":{"start":{"line":680,"column":25},"end":{"line":680,"column":29}},"404":{"start":{"line":682,"column":12},"end":{"line":684,"column":57}},"405":{"start":{"line":683,"column":16},"end":{"line":683,"column":46}},"406":{"start":{"line":687,"column":8},"end":{"line":693,"column":10}},"407":{"start":{"line":688,"column":25},"end":{"line":688,"column":30}},"408":{"start":{"line":690,"column":12},"end":{"line":692,"column":57}},"409":{"start":{"line":691,"column":16},"end":{"line":691,"column":46}},"410":{"start":{"line":695,"column":8},"end":{"line":701,"column":10}},"411":{"start":{"line":696,"column":25},"end":{"line":696,"column":27}},"412":{"start":{"line":698,"column":12},"end":{"line":700,"column":57}},"413":{"start":{"line":699,"column":16},"end":{"line":699,"column":46}},"414":{"start":{"line":703,"column":8},"end":{"line":709,"column":10}},"415":{"start":{"line":704,"column":25},"end":{"line":704,"column":27}},"416":{"start":{"line":706,"column":12},"end":{"line":708,"column":55}},"417":{"start":{"line":707,"column":16},"end":{"line":707,"column":46}},"418":{"start":{"line":712,"column":4},"end":{"line":863,"column":6}},"419":{"start":{"line":714,"column":21},"end":{"line":714,"column":30}},"420":{"start":{"line":715,"column":24},"end":{"line":715,"column":31}},"421":{"start":{"line":716,"column":22},"end":{"line":716,"column":57}},"422":{"start":{"line":717,"column":25},"end":{"line":717,"column":47}},"423":{"start":{"line":718,"column":24},"end":{"line":718,"column":30}},"424":{"start":{"line":719,"column":21},"end":{"line":719,"column":23}},"425":{"start":{"line":720,"column":25},"end":{"line":720,"column":34}},"426":{"start":{"line":722,"column":8},"end":{"line":726,"column":9}},"427":{"start":{"line":723,"column":12},"end":{"line":725,"column":46}},"428":{"start":{"line":724,"column":30},"end":{"line":724,"column":102}},"429":{"start":{"line":725,"column":34},"end":{"line":725,"column":45}},"430":{"start":{"line":728,"column":8},"end":{"line":744,"column":10}},"431":{"start":{"line":730,"column":25},"end":{"line":730,"column":36}},"432":{"start":{"line":732,"column":12},"end":{"line":743,"column":18}},"433":{"start":{"line":734,"column":20},"end":{"line":734,"column":44}},"434":{"start":{"line":735,"column":20},"end":{"line":735,"column":52}},"435":{"start":{"line":737,"column":20},"end":{"line":742,"column":26}},"436":{"start":{"line":739,"column":28},"end":{"line":739,"column":63}},"437":{"start":{"line":740,"column":28},"end":{"line":740,"column":80}},"438":{"start":{"line":741,"column":28},"end":{"line":741,"column":74}},"439":{"start":{"line":746,"column":8},"end":{"line":750,"column":10}},"440":{"start":{"line":748,"column":12},"end":{"line":749,"column":84}},"441":{"start":{"line":749,"column":40},"end":{"line":749,"column":83}},"442":{"start":{"line":752,"column":8},"end":{"line":758,"column":10}},"443":{"start":{"line":754,"column":12},"end":{"line":757,"column":87}},"444":{"start":{"line":755,"column":28},"end":{"line":755,"column":52}},"445":{"start":{"line":756,"column":28},"end":{"line":756,"column":63}},"446":{"start":{"line":757,"column":40},"end":{"line":757,"column":86}},"447":{"start":{"line":760,"column":8},"end":{"line":766,"column":10}},"448":{"start":{"line":762,"column":12},"end":{"line":765,"column":117}},"449":{"start":{"line":763,"column":28},"end":{"line":763,"column":67}},"450":{"start":{"line":764,"column":28},"end":{"line":764,"column":65}},"451":{"start":{"line":765,"column":40},"end":{"line":765,"column":116}},"452":{"start":{"line":768,"column":8},"end":{"line":774,"column":10}},"453":{"start":{"line":769,"column":25},"end":{"line":769,"column":34}},"454":{"start":{"line":771,"column":12},"end":{"line":773,"column":56}},"455":{"start":{"line":772,"column":16},"end":{"line":772,"column":51}},"456":{"start":{"line":776,"column":8},"end":{"line":782,"column":10}},"457":{"start":{"line":777,"column":25},"end":{"line":777,"column":28}},"458":{"start":{"line":779,"column":12},"end":{"line":781,"column":56}},"459":{"start":{"line":780,"column":16},"end":{"line":780,"column":51}},"460":{"start":{"line":784,"column":8},"end":{"line":790,"column":10}},"461":{"start":{"line":785,"column":25},"end":{"line":785,"column":29}},"462":{"start":{"line":787,"column":12},"end":{"line":789,"column":56}},"463":{"start":{"line":788,"column":16},"end":{"line":788,"column":51}},"464":{"start":{"line":792,"column":8},"end":{"line":798,"column":10}},"465":{"start":{"line":793,"column":25},"end":{"line":793,"column":27}},"466":{"start":{"line":795,"column":12},"end":{"line":797,"column":56}},"467":{"start":{"line":796,"column":16},"end":{"line":796,"column":51}},"468":{"start":{"line":800,"column":8},"end":{"line":806,"column":10}},"469":{"start":{"line":801,"column":25},"end":{"line":801,"column":27}},"470":{"start":{"line":803,"column":12},"end":{"line":805,"column":56}},"471":{"start":{"line":804,"column":16},"end":{"line":804,"column":51}},"472":{"start":{"line":808,"column":8},"end":{"line":814,"column":10}},"473":{"start":{"line":809,"column":25},"end":{"line":809,"column":27}},"474":{"start":{"line":811,"column":12},"end":{"line":813,"column":55}},"475":{"start":{"line":812,"column":16},"end":{"line":812,"column":51}},"476":{"start":{"line":816,"column":8},"end":{"line":822,"column":10}},"477":{"start":{"line":817,"column":27},"end":{"line":817,"column":36}},"478":{"start":{"line":819,"column":12},"end":{"line":821,"column":58}},"479":{"start":{"line":820,"column":16},"end":{"line":820,"column":51}},"480":{"start":{"line":824,"column":8},"end":{"line":830,"column":10}},"481":{"start":{"line":825,"column":27},"end":{"line":825,"column":30}},"482":{"start":{"line":827,"column":12},"end":{"line":829,"column":58}},"483":{"start":{"line":828,"column":16},"end":{"line":828,"column":51}},"484":{"start":{"line":832,"column":8},"end":{"line":838,"column":10}},"485":{"start":{"line":833,"column":27},"end":{"line":833,"column":31}},"486":{"start":{"line":835,"column":12},"end":{"line":837,"column":58}},"487":{"start":{"line":836,"column":16},"end":{"line":836,"column":51}},"488":{"start":{"line":840,"column":8},"end":{"line":846,"column":10}},"489":{"start":{"line":841,"column":27},"end":{"line":841,"column":29}},"490":{"start":{"line":843,"column":12},"end":{"line":845,"column":58}},"491":{"start":{"line":844,"column":16},"end":{"line":844,"column":51}},"492":{"start":{"line":848,"column":8},"end":{"line":854,"column":10}},"493":{"start":{"line":849,"column":27},"end":{"line":849,"column":29}},"494":{"start":{"line":851,"column":12},"end":{"line":853,"column":58}},"495":{"start":{"line":852,"column":16},"end":{"line":852,"column":51}},"496":{"start":{"line":856,"column":8},"end":{"line":862,"column":10}},"497":{"start":{"line":857,"column":27},"end":{"line":857,"column":29}},"498":{"start":{"line":859,"column":12},"end":{"line":861,"column":57}},"499":{"start":{"line":860,"column":16},"end":{"line":860,"column":51}},"500":{"start":{"line":865,"column":4},"end":{"line":1034,"column":6}},"501":{"start":{"line":867,"column":21},"end":{"line":867,"column":30}},"502":{"start":{"line":868,"column":24},"end":{"line":868,"column":31}},"503":{"start":{"line":869,"column":20},"end":{"line":869,"column":22}},"504":{"start":{"line":870,"column":25},"end":{"line":870,"column":47}},"505":{"start":{"line":871,"column":21},"end":{"line":871,"column":23}},"506":{"start":{"line":872,"column":28},"end":{"line":872,"column":30}},"507":{"start":{"line":873,"column":26},"end":{"line":873,"column":28}},"508":{"start":{"line":874,"column":20},"end":{"line":874,"column":22}},"509":{"start":{"line":876,"column":22},"end":{"line":876,"column":31}},"510":{"start":{"line":877,"column":25},"end":{"line":877,"column":32}},"511":{"start":{"line":878,"column":21},"end":{"line":878,"column":23}},"512":{"start":{"line":879,"column":22},"end":{"line":879,"column":24}},"513":{"start":{"line":880,"column":25},"end":{"line":880,"column":36}},"514":{"start":{"line":891,"column":8},"end":{"line":912,"column":10}},"515":{"start":{"line":894,"column":12},"end":{"line":894,"column":55}},"516":{"start":{"line":895,"column":12},"end":{"line":895,"column":56}},"517":{"start":{"line":896,"column":12},"end":{"line":896,"column":56}},"518":{"start":{"line":898,"column":12},"end":{"line":911,"column":18}},"519":{"start":{"line":900,"column":20},"end":{"line":900,"column":32}},"520":{"start":{"line":901,"column":20},"end":{"line":901,"column":159}},"521":{"start":{"line":901,"column":134},"end":{"line":901,"column":158}},"522":{"start":{"line":903,"column":28},"end":{"line":903,"column":102}},"523":{"start":{"line":904,"column":35},"end":{"line":904,"column":58}},"524":{"start":{"line":906,"column":20},"end":{"line":906,"column":82}},"525":{"start":{"line":909,"column":20},"end":{"line":909,"column":48}},"526":{"start":{"line":910,"column":20},"end":{"line":910,"column":98}},"527":{"start":{"line":914,"column":8},"end":{"line":924,"column":10}},"528":{"start":{"line":915,"column":12},"end":{"line":923,"column":18}},"529":{"start":{"line":917,"column":20},"end":{"line":917,"column":58}},"530":{"start":{"line":920,"column":20},"end":{"line":920,"column":55}},"531":{"start":{"line":921,"column":20},"end":{"line":921,"column":70}},"532":{"start":{"line":922,"column":20},"end":{"line":922,"column":70}},"533":{"start":{"line":926,"column":8},"end":{"line":931,"column":10}},"534":{"start":{"line":927,"column":32},"end":{"line":927,"column":58}},"535":{"start":{"line":929,"column":12},"end":{"line":930,"column":90}},"536":{"start":{"line":930,"column":40},"end":{"line":930,"column":89}},"537":{"start":{"line":933,"column":8},"end":{"line":937,"column":10}},"538":{"start":{"line":935,"column":12},"end":{"line":936,"column":95}},"539":{"start":{"line":936,"column":40},"end":{"line":936,"column":94}},"540":{"start":{"line":939,"column":8},"end":{"line":945,"column":10}},"541":{"start":{"line":940,"column":32},"end":{"line":940,"column":41}},"542":{"start":{"line":942,"column":12},"end":{"line":944,"column":63}},"543":{"start":{"line":943,"column":16},"end":{"line":943,"column":62}},"544":{"start":{"line":947,"column":8},"end":{"line":953,"column":10}},"545":{"start":{"line":948,"column":32},"end":{"line":948,"column":35}},"546":{"start":{"line":950,"column":12},"end":{"line":952,"column":63}},"547":{"start":{"line":951,"column":16},"end":{"line":951,"column":62}},"548":{"start":{"line":955,"column":8},"end":{"line":961,"column":10}},"549":{"start":{"line":956,"column":32},"end":{"line":956,"column":36}},"550":{"start":{"line":958,"column":12},"end":{"line":960,"column":63}},"551":{"start":{"line":959,"column":16},"end":{"line":959,"column":62}},"552":{"start":{"line":963,"column":8},"end":{"line":969,"column":10}},"553":{"start":{"line":964,"column":32},"end":{"line":964,"column":34}},"554":{"start":{"line":966,"column":12},"end":{"line":968,"column":63}},"555":{"start":{"line":967,"column":16},"end":{"line":967,"column":62}},"556":{"start":{"line":971,"column":8},"end":{"line":977,"column":10}},"557":{"start":{"line":972,"column":32},"end":{"line":972,"column":34}},"558":{"start":{"line":974,"column":12},"end":{"line":976,"column":63}},"559":{"start":{"line":975,"column":16},"end":{"line":975,"column":62}},"560":{"start":{"line":979,"column":8},"end":{"line":985,"column":10}},"561":{"start":{"line":980,"column":32},"end":{"line":980,"column":34}},"562":{"start":{"line":982,"column":12},"end":{"line":984,"column":57}},"563":{"start":{"line":983,"column":16},"end":{"line":983,"column":62}},"564":{"start":{"line":987,"column":8},"end":{"line":993,"column":10}},"565":{"start":{"line":988,"column":28},"end":{"line":988,"column":37}},"566":{"start":{"line":990,"column":12},"end":{"line":992,"column":59}},"567":{"start":{"line":991,"column":16},"end":{"line":991,"column":62}},"568":{"start":{"line":995,"column":8},"end":{"line":1001,"column":10}},"569":{"start":{"line":996,"column":28},"end":{"line":996,"column":31}},"570":{"start":{"line":998,"column":12},"end":{"line":1000,"column":59}},"571":{"start":{"line":999,"column":16},"end":{"line":999,"column":62}},"572":{"start":{"line":1003,"column":8},"end":{"line":1009,"column":10}},"573":{"start":{"line":1004,"column":28},"end":{"line":1004,"column":32}},"574":{"start":{"line":1006,"column":12},"end":{"line":1008,"column":59}},"575":{"start":{"line":1007,"column":16},"end":{"line":1007,"column":62}},"576":{"start":{"line":1011,"column":8},"end":{"line":1017,"column":10}},"577":{"start":{"line":1012,"column":28},"end":{"line":1012,"column":30}},"578":{"start":{"line":1014,"column":12},"end":{"line":1016,"column":59}},"579":{"start":{"line":1015,"column":16},"end":{"line":1015,"column":62}},"580":{"start":{"line":1019,"column":8},"end":{"line":1025,"column":10}},"581":{"start":{"line":1020,"column":28},"end":{"line":1020,"column":30}},"582":{"start":{"line":1022,"column":12},"end":{"line":1024,"column":59}},"583":{"start":{"line":1023,"column":16},"end":{"line":1023,"column":62}},"584":{"start":{"line":1027,"column":8},"end":{"line":1033,"column":10}},"585":{"start":{"line":1028,"column":28},"end":{"line":1028,"column":30}},"586":{"start":{"line":1030,"column":12},"end":{"line":1032,"column":57}},"587":{"start":{"line":1031,"column":16},"end":{"line":1031,"column":62}},"588":{"start":{"line":1036,"column":4},"end":{"line":1114,"column":6}},"589":{"start":{"line":1038,"column":21},"end":{"line":1038,"column":30}},"590":{"start":{"line":1039,"column":24},"end":{"line":1039,"column":31}},"591":{"start":{"line":1040,"column":22},"end":{"line":1040,"column":57}},"592":{"start":{"line":1041,"column":25},"end":{"line":1041,"column":47}},"593":{"start":{"line":1042,"column":24},"end":{"line":1042,"column":30}},"594":{"start":{"line":1043,"column":21},"end":{"line":1043,"column":23}},"595":{"start":{"line":1044,"column":25},"end":{"line":1044,"column":34}},"596":{"start":{"line":1046,"column":8},"end":{"line":1050,"column":10}},"597":{"start":{"line":1047,"column":12},"end":{"line":1049,"column":59}},"598":{"start":{"line":1048,"column":30},"end":{"line":1048,"column":102}},"599":{"start":{"line":1049,"column":35},"end":{"line":1049,"column":58}},"600":{"start":{"line":1061,"column":8},"end":{"line":1064,"column":10}},"601":{"start":{"line":1062,"column":12},"end":{"line":1063,"column":105}},"602":{"start":{"line":1063,"column":40},"end":{"line":1063,"column":104}},"603":{"start":{"line":1067,"column":8},"end":{"line":1073,"column":10}},"604":{"start":{"line":1068,"column":27},"end":{"line":1068,"column":36}},"605":{"start":{"line":1070,"column":12},"end":{"line":1072,"column":58}},"606":{"start":{"line":1071,"column":16},"end":{"line":1071,"column":47}},"607":{"start":{"line":1075,"column":8},"end":{"line":1081,"column":10}},"608":{"start":{"line":1076,"column":27},"end":{"line":1076,"column":30}},"609":{"start":{"line":1078,"column":12},"end":{"line":1080,"column":58}},"610":{"start":{"line":1079,"column":16},"end":{"line":1079,"column":47}},"611":{"start":{"line":1083,"column":8},"end":{"line":1089,"column":10}},"612":{"start":{"line":1084,"column":27},"end":{"line":1084,"column":31}},"613":{"start":{"line":1086,"column":12},"end":{"line":1088,"column":58}},"614":{"start":{"line":1087,"column":16},"end":{"line":1087,"column":47}},"615":{"start":{"line":1091,"column":8},"end":{"line":1097,"column":10}},"616":{"start":{"line":1092,"column":27},"end":{"line":1092,"column":29}},"617":{"start":{"line":1094,"column":12},"end":{"line":1096,"column":58}},"618":{"start":{"line":1095,"column":16},"end":{"line":1095,"column":47}},"619":{"start":{"line":1099,"column":8},"end":{"line":1105,"column":10}},"620":{"start":{"line":1100,"column":27},"end":{"line":1100,"column":29}},"621":{"start":{"line":1102,"column":12},"end":{"line":1104,"column":58}},"622":{"start":{"line":1103,"column":16},"end":{"line":1103,"column":47}},"623":{"start":{"line":1107,"column":8},"end":{"line":1113,"column":10}},"624":{"start":{"line":1108,"column":27},"end":{"line":1108,"column":29}},"625":{"start":{"line":1110,"column":12},"end":{"line":1112,"column":57}},"626":{"start":{"line":1111,"column":16},"end":{"line":1111,"column":47}},"627":{"start":{"line":1116,"column":4},"end":{"line":1278,"column":6}},"628":{"start":{"line":1118,"column":21},"end":{"line":1118,"column":30}},"629":{"start":{"line":1119,"column":24},"end":{"line":1119,"column":31}},"630":{"start":{"line":1120,"column":22},"end":{"line":1120,"column":57}},"631":{"start":{"line":1121,"column":25},"end":{"line":1121,"column":47}},"632":{"start":{"line":1122,"column":24},"end":{"line":1122,"column":28}},"633":{"start":{"line":1123,"column":21},"end":{"line":1123,"column":23}},"634":{"start":{"line":1125,"column":22},"end":{"line":1125,"column":31}},"635":{"start":{"line":1126,"column":25},"end":{"line":1126,"column":32}},"636":{"start":{"line":1127,"column":23},"end":{"line":1127,"column":58}},"637":{"start":{"line":1128,"column":25},"end":{"line":1128,"column":30}},"638":{"start":{"line":1129,"column":22},"end":{"line":1129,"column":24}},"639":{"start":{"line":1130,"column":23},"end":{"line":1130,"column":33}},"640":{"start":{"line":1131,"column":24},"end":{"line":1131,"column":32}},"641":{"start":{"line":1135,"column":8},"end":{"line":1161,"column":9}},"642":{"start":{"line":1136,"column":12},"end":{"line":1160,"column":18}},"643":{"start":{"line":1137,"column":30},"end":{"line":1137,"column":102}},"644":{"start":{"line":1138,"column":34},"end":{"line":1138,"column":45}},"645":{"start":{"line":1139,"column":28},"end":{"line":1139,"column":75}},"646":{"start":{"line":1140,"column":35},"end":{"line":1140,"column":63}},"647":{"start":{"line":1141,"column":28},"end":{"line":1141,"column":140}},"648":{"start":{"line":1142,"column":34},"end":{"line":1142,"column":46}},"649":{"start":{"line":1143,"column":28},"end":{"line":1143,"column":59}},"650":{"start":{"line":1146,"column":20},"end":{"line":1146,"column":48}},"651":{"start":{"line":1147,"column":20},"end":{"line":1147,"column":47}},"652":{"start":{"line":1148,"column":20},"end":{"line":1148,"column":43}},"653":{"start":{"line":1149,"column":30},"end":{"line":1149,"column":52}},"654":{"start":{"line":1152,"column":20},"end":{"line":1152,"column":48}},"655":{"start":{"line":1153,"column":20},"end":{"line":1153,"column":38}},"656":{"start":{"line":1155,"column":28},"end":{"line":1155,"column":49}},"657":{"start":{"line":1158,"column":20},"end":{"line":1158,"column":48}},"658":{"start":{"line":1159,"column":20},"end":{"line":1159,"column":38}},"659":{"start":{"line":1163,"column":8},"end":{"line":1175,"column":10}},"660":{"start":{"line":1165,"column":12},"end":{"line":1174,"column":18}},"661":{"start":{"line":1166,"column":28},"end":{"line":1166,"column":50}},"662":{"start":{"line":1169,"column":20},"end":{"line":1169,"column":49}},"663":{"start":{"line":1170,"column":20},"end":{"line":1170,"column":55}},"664":{"start":{"line":1171,"column":20},"end":{"line":1171,"column":51}},"665":{"start":{"line":1172,"column":20},"end":{"line":1172,"column":55}},"666":{"start":{"line":1173,"column":20},"end":{"line":1173,"column":58}},"667":{"start":{"line":1177,"column":8},"end":{"line":1181,"column":10}},"668":{"start":{"line":1179,"column":12},"end":{"line":1180,"column":91}},"669":{"start":{"line":1180,"column":40},"end":{"line":1180,"column":90}},"670":{"start":{"line":1183,"column":8},"end":{"line":1189,"column":10}},"671":{"start":{"line":1184,"column":27},"end":{"line":1184,"column":36}},"672":{"start":{"line":1186,"column":12},"end":{"line":1188,"column":58}},"673":{"start":{"line":1187,"column":16},"end":{"line":1187,"column":47}},"674":{"start":{"line":1191,"column":8},"end":{"line":1197,"column":10}},"675":{"start":{"line":1192,"column":27},"end":{"line":1192,"column":30}},"676":{"start":{"line":1194,"column":12},"end":{"line":1196,"column":58}},"677":{"start":{"line":1195,"column":16},"end":{"line":1195,"column":47}},"678":{"start":{"line":1199,"column":8},"end":{"line":1205,"column":10}},"679":{"start":{"line":1200,"column":27},"end":{"line":1200,"column":31}},"680":{"start":{"line":1202,"column":12},"end":{"line":1204,"column":58}},"681":{"start":{"line":1203,"column":16},"end":{"line":1203,"column":47}},"682":{"start":{"line":1207,"column":8},"end":{"line":1213,"column":10}},"683":{"start":{"line":1208,"column":27},"end":{"line":1208,"column":29}},"684":{"start":{"line":1210,"column":12},"end":{"line":1212,"column":58}},"685":{"start":{"line":1211,"column":16},"end":{"line":1211,"column":47}},"686":{"start":{"line":1215,"column":8},"end":{"line":1221,"column":10}},"687":{"start":{"line":1216,"column":27},"end":{"line":1216,"column":29}},"688":{"start":{"line":1218,"column":12},"end":{"line":1220,"column":58}},"689":{"start":{"line":1219,"column":16},"end":{"line":1219,"column":47}},"690":{"start":{"line":1223,"column":8},"end":{"line":1229,"column":10}},"691":{"start":{"line":1224,"column":27},"end":{"line":1224,"column":29}},"692":{"start":{"line":1226,"column":12},"end":{"line":1228,"column":57}},"693":{"start":{"line":1227,"column":16},"end":{"line":1227,"column":47}},"694":{"start":{"line":1231,"column":8},"end":{"line":1237,"column":10}},"695":{"start":{"line":1232,"column":26},"end":{"line":1232,"column":35}},"696":{"start":{"line":1234,"column":12},"end":{"line":1236,"column":57}},"697":{"start":{"line":1235,"column":16},"end":{"line":1235,"column":47}},"698":{"start":{"line":1239,"column":8},"end":{"line":1245,"column":10}},"699":{"start":{"line":1240,"column":26},"end":{"line":1240,"column":29}},"700":{"start":{"line":1242,"column":12},"end":{"line":1244,"column":57}},"701":{"start":{"line":1243,"column":16},"end":{"line":1243,"column":47}},"702":{"start":{"line":1247,"column":8},"end":{"line":1253,"column":10}},"703":{"start":{"line":1248,"column":26},"end":{"line":1248,"column":30}},"704":{"start":{"line":1250,"column":12},"end":{"line":1252,"column":57}},"705":{"start":{"line":1251,"column":16},"end":{"line":1251,"column":47}},"706":{"start":{"line":1255,"column":8},"end":{"line":1261,"column":10}},"707":{"start":{"line":1256,"column":26},"end":{"line":1256,"column":28}},"708":{"start":{"line":1258,"column":12},"end":{"line":1260,"column":57}},"709":{"start":{"line":1259,"column":16},"end":{"line":1259,"column":47}},"710":{"start":{"line":1263,"column":8},"end":{"line":1269,"column":10}},"711":{"start":{"line":1264,"column":26},"end":{"line":1264,"column":28}},"712":{"start":{"line":1266,"column":12},"end":{"line":1268,"column":57}},"713":{"start":{"line":1267,"column":16},"end":{"line":1267,"column":47}},"714":{"start":{"line":1271,"column":8},"end":{"line":1277,"column":10}},"715":{"start":{"line":1272,"column":26},"end":{"line":1272,"column":28}},"716":{"start":{"line":1274,"column":12},"end":{"line":1276,"column":56}},"717":{"start":{"line":1275,"column":16},"end":{"line":1275,"column":47}},"718":{"start":{"line":1280,"column":4},"end":{"line":1423,"column":6}},"719":{"start":{"line":1282,"column":21},"end":{"line":1282,"column":30}},"720":{"start":{"line":1283,"column":24},"end":{"line":1283,"column":31}},"721":{"start":{"line":1284,"column":22},"end":{"line":1284,"column":57}},"722":{"start":{"line":1285,"column":25},"end":{"line":1285,"column":47}},"723":{"start":{"line":1286,"column":24},"end":{"line":1286,"column":30}},"724":{"start":{"line":1287,"column":21},"end":{"line":1287,"column":23}},"725":{"start":{"line":1288,"column":19},"end":{"line":1288,"column":51}},"726":{"start":{"line":1290,"column":25},"end":{"line":1290,"column":34}},"727":{"start":{"line":1292,"column":8},"end":{"line":1302,"column":9}},"728":{"start":{"line":1293,"column":12},"end":{"line":1301,"column":18}},"729":{"start":{"line":1294,"column":30},"end":{"line":1294,"column":102}},"730":{"start":{"line":1295,"column":35},"end":{"line":1295,"column":58}},"731":{"start":{"line":1296,"column":28},"end":{"line":1296,"column":80}},"732":{"start":{"line":1298,"column":20},"end":{"line":1298,"column":45}},"733":{"start":{"line":1299,"column":20},"end":{"line":1299,"column":58}},"734":{"start":{"line":1300,"column":20},"end":{"line":1300,"column":43}},"735":{"start":{"line":1304,"column":8},"end":{"line":1314,"column":10}},"736":{"start":{"line":1306,"column":12},"end":{"line":1313,"column":18}},"737":{"start":{"line":1307,"column":28},"end":{"line":1307,"column":59}},"738":{"start":{"line":1309,"column":20},"end":{"line":1309,"column":51}},"739":{"start":{"line":1310,"column":20},"end":{"line":1310,"column":59}},"740":{"start":{"line":1311,"column":20},"end":{"line":1311,"column":56}},"741":{"start":{"line":1312,"column":20},"end":{"line":1312,"column":62}},"742":{"start":{"line":1316,"column":8},"end":{"line":1320,"column":10}},"743":{"start":{"line":1318,"column":12},"end":{"line":1319,"column":105}},"744":{"start":{"line":1319,"column":40},"end":{"line":1319,"column":104}},"745":{"start":{"line":1322,"column":8},"end":{"line":1326,"column":10}},"746":{"start":{"line":1324,"column":12},"end":{"line":1325,"column":87}},"747":{"start":{"line":1325,"column":40},"end":{"line":1325,"column":86}},"748":{"start":{"line":1328,"column":8},"end":{"line":1334,"column":10}},"749":{"start":{"line":1329,"column":27},"end":{"line":1329,"column":36}},"750":{"start":{"line":1331,"column":12},"end":{"line":1333,"column":58}},"751":{"start":{"line":1332,"column":16},"end":{"line":1332,"column":53}},"752":{"start":{"line":1336,"column":8},"end":{"line":1342,"column":10}},"753":{"start":{"line":1337,"column":27},"end":{"line":1337,"column":30}},"754":{"start":{"line":1339,"column":12},"end":{"line":1341,"column":58}},"755":{"start":{"line":1340,"column":16},"end":{"line":1340,"column":53}},"756":{"start":{"line":1344,"column":8},"end":{"line":1350,"column":10}},"757":{"start":{"line":1345,"column":27},"end":{"line":1345,"column":31}},"758":{"start":{"line":1347,"column":12},"end":{"line":1349,"column":58}},"759":{"start":{"line":1348,"column":16},"end":{"line":1348,"column":53}},"760":{"start":{"line":1352,"column":8},"end":{"line":1358,"column":10}},"761":{"start":{"line":1353,"column":27},"end":{"line":1353,"column":29}},"762":{"start":{"line":1355,"column":12},"end":{"line":1357,"column":58}},"763":{"start":{"line":1356,"column":16},"end":{"line":1356,"column":53}},"764":{"start":{"line":1360,"column":8},"end":{"line":1366,"column":10}},"765":{"start":{"line":1361,"column":27},"end":{"line":1361,"column":29}},"766":{"start":{"line":1363,"column":12},"end":{"line":1365,"column":58}},"767":{"start":{"line":1364,"column":16},"end":{"line":1364,"column":53}},"768":{"start":{"line":1368,"column":8},"end":{"line":1374,"column":10}},"769":{"start":{"line":1369,"column":27},"end":{"line":1369,"column":29}},"770":{"start":{"line":1371,"column":12},"end":{"line":1373,"column":57}},"771":{"start":{"line":1372,"column":16},"end":{"line":1372,"column":53}},"772":{"start":{"line":1376,"column":8},"end":{"line":1382,"column":10}},"773":{"start":{"line":1377,"column":25},"end":{"line":1377,"column":34}},"774":{"start":{"line":1379,"column":12},"end":{"line":1381,"column":56}},"775":{"start":{"line":1380,"column":16},"end":{"line":1380,"column":53}},"776":{"start":{"line":1384,"column":8},"end":{"line":1390,"column":10}},"777":{"start":{"line":1385,"column":25},"end":{"line":1385,"column":28}},"778":{"start":{"line":1387,"column":12},"end":{"line":1389,"column":56}},"779":{"start":{"line":1388,"column":16},"end":{"line":1388,"column":53}},"780":{"start":{"line":1392,"column":8},"end":{"line":1398,"column":10}},"781":{"start":{"line":1393,"column":25},"end":{"line":1393,"column":29}},"782":{"start":{"line":1395,"column":12},"end":{"line":1397,"column":56}},"783":{"start":{"line":1396,"column":16},"end":{"line":1396,"column":53}},"784":{"start":{"line":1400,"column":8},"end":{"line":1406,"column":10}},"785":{"start":{"line":1401,"column":25},"end":{"line":1401,"column":27}},"786":{"start":{"line":1403,"column":12},"end":{"line":1405,"column":56}},"787":{"start":{"line":1404,"column":16},"end":{"line":1404,"column":53}},"788":{"start":{"line":1408,"column":8},"end":{"line":1414,"column":10}},"789":{"start":{"line":1409,"column":25},"end":{"line":1409,"column":27}},"790":{"start":{"line":1411,"column":12},"end":{"line":1413,"column":56}},"791":{"start":{"line":1412,"column":16},"end":{"line":1412,"column":53}},"792":{"start":{"line":1416,"column":8},"end":{"line":1422,"column":10}},"793":{"start":{"line":1417,"column":25},"end":{"line":1417,"column":27}},"794":{"start":{"line":1419,"column":12},"end":{"line":1421,"column":55}},"795":{"start":{"line":1420,"column":16},"end":{"line":1420,"column":53}},"796":{"start":{"line":1425,"column":4},"end":{"line":1617,"column":6}},"797":{"start":{"line":1426,"column":21},"end":{"line":1426,"column":30}},"798":{"start":{"line":1427,"column":24},"end":{"line":1427,"column":31}},"799":{"start":{"line":1428,"column":22},"end":{"line":1428,"column":57}},"800":{"start":{"line":1429,"column":25},"end":{"line":1429,"column":47}},"801":{"start":{"line":1430,"column":24},"end":{"line":1430,"column":30}},"802":{"start":{"line":1431,"column":21},"end":{"line":1431,"column":23}},"803":{"start":{"line":1432,"column":22},"end":{"line":1432,"column":38}},"804":{"start":{"line":1433,"column":28},"end":{"line":1433,"column":70}},"805":{"start":{"line":1435,"column":23},"end":{"line":1435,"column":24}},"806":{"start":{"line":1436,"column":20},"end":{"line":1436,"column":26}},"807":{"start":{"line":1437,"column":19},"end":{"line":1437,"column":21}},"808":{"start":{"line":1438,"column":25},"end":{"line":1438,"column":34}},"809":{"start":{"line":1440,"column":8},"end":{"line":1453,"column":9}},"810":{"start":{"line":1441,"column":12},"end":{"line":1452,"column":100}},"811":{"start":{"line":1442,"column":30},"end":{"line":1442,"column":102}},"812":{"start":{"line":1444,"column":20},"end":{"line":1444,"column":42}},"813":{"start":{"line":1445,"column":20},"end":{"line":1445,"column":75}},"814":{"start":{"line":1448,"column":20},"end":{"line":1448,"column":58}},"815":{"start":{"line":1449,"column":20},"end":{"line":1449,"column":47}},"816":{"start":{"line":1450,"column":20},"end":{"line":1450,"column":43}},"817":{"start":{"line":1452,"column":28},"end":{"line":1452,"column":99}},"818":{"start":{"line":1455,"column":8},"end":{"line":1466,"column":10}},"819":{"start":{"line":1457,"column":12},"end":{"line":1465,"column":18}},"820":{"start":{"line":1458,"column":35},"end":{"line":1458,"column":62}},"821":{"start":{"line":1460,"column":20},"end":{"line":1460,"column":53}},"822":{"start":{"line":1461,"column":20},"end":{"line":1461,"column":65}},"823":{"start":{"line":1462,"column":20},"end":{"line":1462,"column":59}},"824":{"start":{"line":1463,"column":20},"end":{"line":1463,"column":53}},"825":{"start":{"line":1464,"column":20},"end":{"line":1464,"column":51}},"826":{"start":{"line":1468,"column":8},"end":{"line":1472,"column":10}},"827":{"start":{"line":1470,"column":12},"end":{"line":1471,"column":105}},"828":{"start":{"line":1471,"column":40},"end":{"line":1471,"column":104}},"829":{"start":{"line":1474,"column":8},"end":{"line":1480,"column":10}},"830":{"start":{"line":1475,"column":27},"end":{"line":1475,"column":36}},"831":{"start":{"line":1477,"column":12},"end":{"line":1479,"column":58}},"832":{"start":{"line":1478,"column":16},"end":{"line":1478,"column":63}},"833":{"start":{"line":1482,"column":8},"end":{"line":1488,"column":10}},"834":{"start":{"line":1483,"column":27},"end":{"line":1483,"column":30}},"835":{"start":{"line":1485,"column":12},"end":{"line":1487,"column":58}},"836":{"start":{"line":1486,"column":16},"end":{"line":1486,"column":63}},"837":{"start":{"line":1490,"column":8},"end":{"line":1496,"column":10}},"838":{"start":{"line":1491,"column":27},"end":{"line":1491,"column":31}},"839":{"start":{"line":1493,"column":12},"end":{"line":1495,"column":58}},"840":{"start":{"line":1494,"column":16},"end":{"line":1494,"column":63}},"841":{"start":{"line":1498,"column":8},"end":{"line":1504,"column":10}},"842":{"start":{"line":1499,"column":27},"end":{"line":1499,"column":29}},"843":{"start":{"line":1501,"column":12},"end":{"line":1503,"column":58}},"844":{"start":{"line":1502,"column":16},"end":{"line":1502,"column":63}},"845":{"start":{"line":1506,"column":8},"end":{"line":1512,"column":10}},"846":{"start":{"line":1507,"column":27},"end":{"line":1507,"column":29}},"847":{"start":{"line":1509,"column":12},"end":{"line":1511,"column":58}},"848":{"start":{"line":1510,"column":16},"end":{"line":1510,"column":63}},"849":{"start":{"line":1514,"column":8},"end":{"line":1520,"column":10}},"850":{"start":{"line":1515,"column":27},"end":{"line":1515,"column":29}},"851":{"start":{"line":1517,"column":12},"end":{"line":1519,"column":57}},"852":{"start":{"line":1518,"column":16},"end":{"line":1518,"column":63}},"853":{"start":{"line":1522,"column":8},"end":{"line":1528,"column":10}},"854":{"start":{"line":1523,"column":26},"end":{"line":1523,"column":35}},"855":{"start":{"line":1525,"column":12},"end":{"line":1527,"column":57}},"856":{"start":{"line":1526,"column":16},"end":{"line":1526,"column":63}},"857":{"start":{"line":1530,"column":8},"end":{"line":1536,"column":10}},"858":{"start":{"line":1531,"column":26},"end":{"line":1531,"column":29}},"859":{"start":{"line":1533,"column":12},"end":{"line":1535,"column":57}},"860":{"start":{"line":1534,"column":16},"end":{"line":1534,"column":63}},"861":{"start":{"line":1538,"column":8},"end":{"line":1544,"column":10}},"862":{"start":{"line":1539,"column":26},"end":{"line":1539,"column":30}},"863":{"start":{"line":1541,"column":12},"end":{"line":1543,"column":57}},"864":{"start":{"line":1542,"column":16},"end":{"line":1542,"column":63}},"865":{"start":{"line":1546,"column":8},"end":{"line":1552,"column":10}},"866":{"start":{"line":1547,"column":26},"end":{"line":1547,"column":28}},"867":{"start":{"line":1549,"column":12},"end":{"line":1551,"column":57}},"868":{"start":{"line":1550,"column":16},"end":{"line":1550,"column":63}},"869":{"start":{"line":1554,"column":8},"end":{"line":1560,"column":10}},"870":{"start":{"line":1555,"column":26},"end":{"line":1555,"column":28}},"871":{"start":{"line":1557,"column":12},"end":{"line":1559,"column":57}},"872":{"start":{"line":1558,"column":16},"end":{"line":1558,"column":63}},"873":{"start":{"line":1562,"column":8},"end":{"line":1568,"column":10}},"874":{"start":{"line":1563,"column":26},"end":{"line":1563,"column":28}},"875":{"start":{"line":1565,"column":12},"end":{"line":1567,"column":56}},"876":{"start":{"line":1566,"column":16},"end":{"line":1566,"column":63}},"877":{"start":{"line":1570,"column":8},"end":{"line":1576,"column":10}},"878":{"start":{"line":1571,"column":32},"end":{"line":1571,"column":41}},"879":{"start":{"line":1573,"column":12},"end":{"line":1575,"column":63}},"880":{"start":{"line":1574,"column":16},"end":{"line":1574,"column":63}},"881":{"start":{"line":1578,"column":8},"end":{"line":1584,"column":10}},"882":{"start":{"line":1579,"column":32},"end":{"line":1579,"column":35}},"883":{"start":{"line":1581,"column":12},"end":{"line":1583,"column":63}},"884":{"start":{"line":1582,"column":16},"end":{"line":1582,"column":63}},"885":{"start":{"line":1586,"column":8},"end":{"line":1592,"column":10}},"886":{"start":{"line":1587,"column":32},"end":{"line":1587,"column":36}},"887":{"start":{"line":1589,"column":12},"end":{"line":1591,"column":63}},"888":{"start":{"line":1590,"column":16},"end":{"line":1590,"column":63}},"889":{"start":{"line":1594,"column":8},"end":{"line":1600,"column":10}},"890":{"start":{"line":1595,"column":32},"end":{"line":1595,"column":34}},"891":{"start":{"line":1597,"column":12},"end":{"line":1599,"column":63}},"892":{"start":{"line":1598,"column":16},"end":{"line":1598,"column":63}},"893":{"start":{"line":1602,"column":8},"end":{"line":1608,"column":10}},"894":{"start":{"line":1603,"column":32},"end":{"line":1603,"column":34}},"895":{"start":{"line":1605,"column":12},"end":{"line":1607,"column":63}},"896":{"start":{"line":1606,"column":16},"end":{"line":1606,"column":63}},"897":{"start":{"line":1610,"column":8},"end":{"line":1616,"column":10}},"898":{"start":{"line":1611,"column":32},"end":{"line":1611,"column":34}},"899":{"start":{"line":1613,"column":12},"end":{"line":1615,"column":62}},"900":{"start":{"line":1614,"column":16},"end":{"line":1614,"column":63}},"901":{"start":{"line":1619,"column":4},"end":{"line":1760,"column":6}},"902":{"start":{"line":1621,"column":21},"end":{"line":1621,"column":30}},"903":{"start":{"line":1622,"column":24},"end":{"line":1622,"column":31}},"904":{"start":{"line":1623,"column":22},"end":{"line":1623,"column":57}},"905":{"start":{"line":1624,"column":25},"end":{"line":1624,"column":47}},"906":{"start":{"line":1625,"column":24},"end":{"line":1625,"column":30}},"907":{"start":{"line":1626,"column":21},"end":{"line":1626,"column":23}},"908":{"start":{"line":1627,"column":22},"end":{"line":1627,"column":38}},"909":{"start":{"line":1628,"column":28},"end":{"line":1628,"column":70}},"910":{"start":{"line":1631,"column":23},"end":{"line":1631,"column":24}},"911":{"start":{"line":1632,"column":20},"end":{"line":1632,"column":26}},"912":{"start":{"line":1633,"column":19},"end":{"line":1633,"column":21}},"913":{"start":{"line":1634,"column":25},"end":{"line":1634,"column":34}},"914":{"start":{"line":1636,"column":8},"end":{"line":1651,"column":9}},"915":{"start":{"line":1637,"column":12},"end":{"line":1650,"column":62}},"916":{"start":{"line":1638,"column":30},"end":{"line":1638,"column":102}},"917":{"start":{"line":1640,"column":20},"end":{"line":1640,"column":42}},"918":{"start":{"line":1641,"column":20},"end":{"line":1641,"column":75}},"919":{"start":{"line":1644,"column":20},"end":{"line":1644,"column":58}},"920":{"start":{"line":1645,"column":20},"end":{"line":1645,"column":47}},"921":{"start":{"line":1646,"column":20},"end":{"line":1646,"column":43}},"922":{"start":{"line":1648,"column":28},"end":{"line":1648,"column":99}},"923":{"start":{"line":1649,"column":28},"end":{"line":1649,"column":103}},"924":{"start":{"line":1650,"column":35},"end":{"line":1650,"column":61}},"925":{"start":{"line":1652,"column":8},"end":{"line":1663,"column":10}},"926":{"start":{"line":1654,"column":12},"end":{"line":1662,"column":18}},"927":{"start":{"line":1656,"column":20},"end":{"line":1656,"column":49}},"928":{"start":{"line":1657,"column":20},"end":{"line":1657,"column":53}},"929":{"start":{"line":1658,"column":20},"end":{"line":1658,"column":65}},"930":{"start":{"line":1659,"column":20},"end":{"line":1659,"column":59}},"931":{"start":{"line":1660,"column":20},"end":{"line":1660,"column":53}},"932":{"start":{"line":1661,"column":20},"end":{"line":1661,"column":51}},"933":{"start":{"line":1665,"column":8},"end":{"line":1671,"column":10}},"934":{"start":{"line":1666,"column":27},"end":{"line":1666,"column":36}},"935":{"start":{"line":1668,"column":12},"end":{"line":1670,"column":58}},"936":{"start":{"line":1669,"column":16},"end":{"line":1669,"column":56}},"937":{"start":{"line":1673,"column":8},"end":{"line":1679,"column":10}},"938":{"start":{"line":1674,"column":27},"end":{"line":1674,"column":30}},"939":{"start":{"line":1676,"column":12},"end":{"line":1678,"column":58}},"940":{"start":{"line":1677,"column":16},"end":{"line":1677,"column":56}},"941":{"start":{"line":1681,"column":8},"end":{"line":1687,"column":10}},"942":{"start":{"line":1682,"column":27},"end":{"line":1682,"column":31}},"943":{"start":{"line":1684,"column":12},"end":{"line":1686,"column":58}},"944":{"start":{"line":1685,"column":16},"end":{"line":1685,"column":56}},"945":{"start":{"line":1689,"column":8},"end":{"line":1695,"column":10}},"946":{"start":{"line":1690,"column":27},"end":{"line":1690,"column":29}},"947":{"start":{"line":1692,"column":12},"end":{"line":1694,"column":58}},"948":{"start":{"line":1693,"column":16},"end":{"line":1693,"column":56}},"949":{"start":{"line":1697,"column":8},"end":{"line":1703,"column":10}},"950":{"start":{"line":1698,"column":27},"end":{"line":1698,"column":29}},"951":{"start":{"line":1700,"column":12},"end":{"line":1702,"column":58}},"952":{"start":{"line":1701,"column":16},"end":{"line":1701,"column":56}},"953":{"start":{"line":1705,"column":8},"end":{"line":1711,"column":10}},"954":{"start":{"line":1706,"column":27},"end":{"line":1706,"column":29}},"955":{"start":{"line":1708,"column":12},"end":{"line":1710,"column":57}},"956":{"start":{"line":1709,"column":16},"end":{"line":1709,"column":56}},"957":{"start":{"line":1713,"column":8},"end":{"line":1719,"column":10}},"958":{"start":{"line":1714,"column":30},"end":{"line":1714,"column":39}},"959":{"start":{"line":1716,"column":12},"end":{"line":1718,"column":61}},"960":{"start":{"line":1717,"column":16},"end":{"line":1717,"column":56}},"961":{"start":{"line":1721,"column":8},"end":{"line":1727,"column":10}},"962":{"start":{"line":1722,"column":30},"end":{"line":1722,"column":33}},"963":{"start":{"line":1724,"column":12},"end":{"line":1726,"column":61}},"964":{"start":{"line":1725,"column":16},"end":{"line":1725,"column":56}},"965":{"start":{"line":1729,"column":8},"end":{"line":1735,"column":10}},"966":{"start":{"line":1730,"column":30},"end":{"line":1730,"column":34}},"967":{"start":{"line":1732,"column":12},"end":{"line":1734,"column":61}},"968":{"start":{"line":1733,"column":16},"end":{"line":1733,"column":56}},"969":{"start":{"line":1737,"column":8},"end":{"line":1743,"column":10}},"970":{"start":{"line":1738,"column":30},"end":{"line":1738,"column":32}},"971":{"start":{"line":1740,"column":12},"end":{"line":1742,"column":61}},"972":{"start":{"line":1741,"column":16},"end":{"line":1741,"column":56}},"973":{"start":{"line":1745,"column":8},"end":{"line":1751,"column":10}},"974":{"start":{"line":1746,"column":30},"end":{"line":1746,"column":32}},"975":{"start":{"line":1748,"column":12},"end":{"line":1750,"column":61}},"976":{"start":{"line":1749,"column":16},"end":{"line":1749,"column":56}},"977":{"start":{"line":1753,"column":8},"end":{"line":1759,"column":10}},"978":{"start":{"line":1754,"column":30},"end":{"line":1754,"column":32}},"979":{"start":{"line":1756,"column":12},"end":{"line":1758,"column":60}},"980":{"start":{"line":1757,"column":16},"end":{"line":1757,"column":56}},"981":{"start":{"line":1762,"column":4},"end":{"line":1968,"column":6}},"982":{"start":{"line":1764,"column":21},"end":{"line":1764,"column":30}},"983":{"start":{"line":1765,"column":24},"end":{"line":1765,"column":31}},"984":{"start":{"line":1766,"column":22},"end":{"line":1766,"column":57}},"985":{"start":{"line":1767,"column":25},"end":{"line":1767,"column":47}},"986":{"start":{"line":1768,"column":24},"end":{"line":1768,"column":30}},"987":{"start":{"line":1769,"column":21},"end":{"line":1769,"column":23}},"988":{"start":{"line":1770,"column":22},"end":{"line":1770,"column":38}},"989":{"start":{"line":1771,"column":28},"end":{"line":1771,"column":70}},"990":{"start":{"line":1774,"column":19},"end":{"line":1774,"column":21}},"991":{"start":{"line":1775,"column":23},"end":{"line":1775,"column":24}},"992":{"start":{"line":1776,"column":20},"end":{"line":1776,"column":26}},"993":{"start":{"line":1777,"column":21},"end":{"line":1783,"column":9}},"994":{"start":{"line":1784,"column":25},"end":{"line":1784,"column":34}},"995":{"start":{"line":1786,"column":8},"end":{"line":1801,"column":9}},"996":{"start":{"line":1787,"column":12},"end":{"line":1800,"column":62}},"997":{"start":{"line":1788,"column":30},"end":{"line":1788,"column":102}},"998":{"start":{"line":1790,"column":20},"end":{"line":1790,"column":42}},"999":{"start":{"line":1791,"column":20},"end":{"line":1791,"column":75}},"1000":{"start":{"line":1794,"column":20},"end":{"line":1794,"column":58}},"1001":{"start":{"line":1795,"column":20},"end":{"line":1795,"column":47}},"1002":{"start":{"line":1796,"column":20},"end":{"line":1796,"column":43}},"1003":{"start":{"line":1798,"column":28},"end":{"line":1798,"column":99}},"1004":{"start":{"line":1799,"column":28},"end":{"line":1799,"column":103}},"1005":{"start":{"line":1800,"column":35},"end":{"line":1800,"column":61}},"1006":{"start":{"line":1803,"column":8},"end":{"line":1815,"column":10}},"1007":{"start":{"line":1805,"column":12},"end":{"line":1814,"column":18}},"1008":{"start":{"line":1806,"column":34},"end":{"line":1806,"column":54}},"1009":{"start":{"line":1808,"column":20},"end":{"line":1808,"column":49}},"1010":{"start":{"line":1809,"column":20},"end":{"line":1809,"column":58}},"1011":{"start":{"line":1810,"column":20},"end":{"line":1810,"column":70}},"1012":{"start":{"line":1811,"column":20},"end":{"line":1811,"column":64}},"1013":{"start":{"line":1812,"column":20},"end":{"line":1812,"column":58}},"1014":{"start":{"line":1813,"column":20},"end":{"line":1813,"column":56}},"1015":{"start":{"line":1817,"column":8},"end":{"line":1821,"column":10}},"1016":{"start":{"line":1819,"column":12},"end":{"line":1820,"column":101}},"1017":{"start":{"line":1820,"column":40},"end":{"line":1820,"column":100}},"1018":{"start":{"line":1823,"column":8},"end":{"line":1829,"column":10}},"1019":{"start":{"line":1824,"column":27},"end":{"line":1824,"column":36}},"1020":{"start":{"line":1826,"column":12},"end":{"line":1828,"column":58}},"1021":{"start":{"line":1827,"column":16},"end":{"line":1827,"column":60}},"1022":{"start":{"line":1831,"column":8},"end":{"line":1837,"column":10}},"1023":{"start":{"line":1832,"column":27},"end":{"line":1832,"column":30}},"1024":{"start":{"line":1834,"column":12},"end":{"line":1836,"column":58}},"1025":{"start":{"line":1835,"column":16},"end":{"line":1835,"column":60}},"1026":{"start":{"line":1839,"column":8},"end":{"line":1845,"column":10}},"1027":{"start":{"line":1840,"column":27},"end":{"line":1840,"column":31}},"1028":{"start":{"line":1842,"column":12},"end":{"line":1844,"column":58}},"1029":{"start":{"line":1843,"column":16},"end":{"line":1843,"column":60}},"1030":{"start":{"line":1847,"column":8},"end":{"line":1853,"column":10}},"1031":{"start":{"line":1848,"column":27},"end":{"line":1848,"column":29}},"1032":{"start":{"line":1850,"column":12},"end":{"line":1852,"column":58}},"1033":{"start":{"line":1851,"column":16},"end":{"line":1851,"column":60}},"1034":{"start":{"line":1855,"column":8},"end":{"line":1861,"column":10}},"1035":{"start":{"line":1856,"column":27},"end":{"line":1856,"column":29}},"1036":{"start":{"line":1858,"column":12},"end":{"line":1860,"column":58}},"1037":{"start":{"line":1859,"column":16},"end":{"line":1859,"column":60}},"1038":{"start":{"line":1863,"column":8},"end":{"line":1869,"column":10}},"1039":{"start":{"line":1864,"column":27},"end":{"line":1864,"column":29}},"1040":{"start":{"line":1866,"column":12},"end":{"line":1868,"column":57}},"1041":{"start":{"line":1867,"column":16},"end":{"line":1867,"column":60}},"1042":{"start":{"line":1871,"column":8},"end":{"line":1877,"column":10}},"1043":{"start":{"line":1872,"column":30},"end":{"line":1872,"column":39}},"1044":{"start":{"line":1874,"column":12},"end":{"line":1876,"column":61}},"1045":{"start":{"line":1875,"column":16},"end":{"line":1875,"column":60}},"1046":{"start":{"line":1879,"column":8},"end":{"line":1885,"column":10}},"1047":{"start":{"line":1880,"column":30},"end":{"line":1880,"column":33}},"1048":{"start":{"line":1882,"column":12},"end":{"line":1884,"column":61}},"1049":{"start":{"line":1883,"column":16},"end":{"line":1883,"column":60}},"1050":{"start":{"line":1887,"column":8},"end":{"line":1893,"column":10}},"1051":{"start":{"line":1888,"column":30},"end":{"line":1888,"column":34}},"1052":{"start":{"line":1890,"column":12},"end":{"line":1892,"column":61}},"1053":{"start":{"line":1891,"column":16},"end":{"line":1891,"column":60}},"1054":{"start":{"line":1895,"column":8},"end":{"line":1901,"column":10}},"1055":{"start":{"line":1896,"column":30},"end":{"line":1896,"column":32}},"1056":{"start":{"line":1898,"column":12},"end":{"line":1900,"column":61}},"1057":{"start":{"line":1899,"column":16},"end":{"line":1899,"column":60}},"1058":{"start":{"line":1903,"column":8},"end":{"line":1909,"column":10}},"1059":{"start":{"line":1904,"column":30},"end":{"line":1904,"column":32}},"1060":{"start":{"line":1906,"column":12},"end":{"line":1908,"column":61}},"1061":{"start":{"line":1907,"column":16},"end":{"line":1907,"column":60}},"1062":{"start":{"line":1911,"column":8},"end":{"line":1917,"column":10}},"1063":{"start":{"line":1912,"column":30},"end":{"line":1912,"column":32}},"1064":{"start":{"line":1914,"column":12},"end":{"line":1916,"column":60}},"1065":{"start":{"line":1915,"column":16},"end":{"line":1915,"column":60}},"1066":{"start":{"line":1921,"column":8},"end":{"line":1927,"column":10}},"1067":{"start":{"line":1922,"column":25},"end":{"line":1922,"column":34}},"1068":{"start":{"line":1924,"column":12},"end":{"line":1926,"column":55}},"1069":{"start":{"line":1925,"column":16},"end":{"line":1925,"column":60}},"1070":{"start":{"line":1929,"column":8},"end":{"line":1935,"column":10}},"1071":{"start":{"line":1930,"column":25},"end":{"line":1930,"column":28}},"1072":{"start":{"line":1932,"column":12},"end":{"line":1934,"column":57}},"1073":{"start":{"line":1933,"column":16},"end":{"line":1933,"column":60}},"1074":{"start":{"line":1937,"column":8},"end":{"line":1943,"column":10}},"1075":{"start":{"line":1938,"column":25},"end":{"line":1938,"column":29}},"1076":{"start":{"line":1940,"column":12},"end":{"line":1942,"column":57}},"1077":{"start":{"line":1941,"column":16},"end":{"line":1941,"column":60}},"1078":{"start":{"line":1945,"column":8},"end":{"line":1951,"column":10}},"1079":{"start":{"line":1946,"column":25},"end":{"line":1946,"column":32}},"1080":{"start":{"line":1948,"column":12},"end":{"line":1950,"column":57}},"1081":{"start":{"line":1949,"column":16},"end":{"line":1949,"column":60}},"1082":{"start":{"line":1953,"column":8},"end":{"line":1959,"column":10}},"1083":{"start":{"line":1954,"column":25},"end":{"line":1954,"column":27}},"108
[...]
e":650,"column":90}},"line":650},"105":{"name":"(anonymous_105)","decl":{"start":{"line":657,"column":4},"end":{"line":657,"column":5}},"loc":{"start":{"line":657,"column":43},"end":{"line":665,"column":5}},"line":657},"106":{"name":"(anonymous_106)","decl":{"start":{"line":663,"column":18},"end":{"line":663,"column":19}},"loc":{"start":{"line":663,"column":31},"end":{"line":663,"column":56}},"line":663},"107":{"name":"(anonymous_107)","decl":{"start":{"line":664,"column":18},"end":{"line":664,"column":19}},"loc":{"start":{"line":664,"column":29},"end":{"line":664,"column":78}},"line":664},"108":{"name":"(anonymous_108)","decl":{"start":{"line":667,"column":4},"end":{"line":667,"column":5}},"loc":{"start":{"line":667,"column":39},"end":{"line":685,"column":5}},"line":667},"109":{"name":"(anonymous_109)","decl":{"start":{"line":672,"column":18},"end":{"line":672,"column":19}},"loc":{"start":{"line":672,"column":29},"end":{"line":684,"column":13}},"line":672},"110":{"name":"(anonymous_110)","decl":{"start":{"line":676,"column":48},"end":{"line":676,"column":49}},"loc":{"start":{"line":676,"column":60},"end":{"line":681,"column":17}},"line":676},"111":{"name":"(anonymous_111)","decl":{"start":{"line":687,"column":4},"end":{"line":687,"column":5}},"loc":{"start":{"line":687,"column":40},"end":{"line":703,"column":5}},"line":687},"112":{"name":"(anonymous_112)","decl":{"start":{"line":692,"column":18},"end":{"line":692,"column":19}},"loc":{"start":{"line":692,"column":29},"end":{"line":702,"column":13}},"line":692},"113":{"name":"(anonymous_113)","decl":{"start":{"line":696,"column":57},"end":{"line":696,"column":58}},"loc":{"start":{"line":696,"column":68},"end":{"line":696,"column":92}},"line":696}},"branchMap":{"0":{"loc":{"start":{"line":29,"column":8},"end":{"line":29,"column":84}},"type":"if","locations":[{"start":{"line":29,"column":8},"end":{"line":29,"column":84}},{"start":{"line":29,"column":8},"end":{"line":29,"column":84}}],"line":29},"1":{"loc":{"start":{"line":33,"column":16},"end":{"line":33,"column":80}},"type":"if","locations":[{"start":{"line":33,"column":16},"end":{"line":33,"column":80}},{"start":{"line":33,"column":16},"end":{"line":33,"column":80}}],"line":33},"2":{"loc":{"start":{"line":55,"column":16},"end":{"line":55,"column":76}},"type":"if","locations":[{"start":{"line":55,"column":16},"end":{"line":55,"column":76}},{"start":{"line":55,"column":16},"end":{"line":55,"column":76}}],"line":55},"3":{"loc":{"start":{"line":61,"column":24},"end":{"line":61,"column":68}},"type":"if","locations":[{"start":{"line":61,"column":24},"end":{"line":61,"column":68}},{"start":{"line":61,"column":24},"end":{"line":61,"column":68}}],"line":61},"4":{"loc":{"start":{"line":83,"column":16},"end":{"line":83,"column":70}},"type":"if","locations":[{"start":{"line":83,"column":16},"end":{"line":83,"column":70}},{"start":{"line":83,"column":16},"end":{"line":83,"column":70}}],"line":83},"5":{"loc":{"start":{"line":101,"column":8},"end":{"line":101,"column":60}},"type":"if","locations":[{"start":{"line":101,"column":8},"end":{"line":101,"column":60}},{"start":{"line":101,"column":8},"end":{"line":101,"column":60}}],"line":101},"6":{"loc":{"start":{"line":102,"column":8},"end":{"line":102,"column":80}},"type":"if","locations":[{"start":{"line":102,"column":8},"end":{"line":102,"column":80}},{"start":{"line":102,"column":8},"end":{"line":102,"column":80}}],"line":102},"7":{"loc":{"start":{"line":126,"column":16},"end":{"line":126,"column":76}},"type":"if","locations":[{"start":{"line":126,"column":16},"end":{"line":126,"column":76}},{"start":{"line":126,"column":16},"end":{"line":126,"column":76}}],"line":126},"8":{"loc":{"start":{"line":159,"column":16},"end":{"line":159,"column":82}},"type":"if","locations":[{"start":{"line":159,"column":16},"end":{"line":159,"column":82}},{"start":{"line":159,"column":16},"end":{"line":159,"column":82}}],"line":159},"9":{"loc":{"start":{"line":184,"column":16},"end":{"line":184,"column":61}},"type":"if","locations":[{"start":{"line":184,"column":16},"end":{"line":184,"column":61}},{"start":{"line":184,"column":16},"end":{"line":184,"column":61}}],"line":184},"10":{"loc":{"start":{"line":185,"column":16},"end":{"line":185,"column":103}},"type":"if","locations":[{"start":{"line":185,"column":16},"end":{"line":185,"column":103}},{"start":{"line":185,"column":16},"end":{"line":185,"column":103}}],"line":185},"11":{"loc":{"start":{"line":193,"column":16},"end":{"line":193,"column":78}},"type":"if","locations":[{"start":{"line":193,"column":16},"end":{"line":193,"column":78}},{"start":{"line":193,"column":16},"end":{"line":193,"column":78}}],"line":193},"12":{"loc":{"start":{"line":224,"column":16},"end":{"line":224,"column":89}},"type":"if","locations":[{"start":{"line":224,"column":16},"end":{"line":224,"column":89}},{"start":{"line":224,"column":16},"end":{"line":224,"column":89}}],"line":224},"13":{"loc":{"start":{"line":228,"column":16},"end":{"line":228,"column":72}},"type":"if","locations":[{"start":{"line":228,"column":16},"end":{"line":228,"column":72}},{"start":{"line":228,"column":16},"end":{"line":228,"column":72}}],"line":228},"14":{"loc":{"start":{"line":231,"column":20},"end":{"line":231,"column":104}},"type":"if","locations":[{"start":{"line":231,"column":20},"end":{"line":231,"column":104}},{"start":{"line":231,"column":20},"end":{"line":231,"column":104}}],"line":231},"15":{"loc":{"start":{"line":265,"column":16},"end":{"line":265,"column":67}},"type":"if","locations":[{"start":{"line":265,"column":16},"end":{"line":265,"column":67}},{"start":{"line":265,"column":16},"end":{"line":265,"column":67}}],"line":265},"16":{"loc":{"start":{"line":267,"column":16},"end":{"line":267,"column":102}},"type":"if","locations":[{"start":{"line":267,"column":16},"end":{"line":267,"column":102}},{"start":{"line":267,"column":16},"end":{"line":267,"column":102}}],"line":267},"17":{"loc":{"start":{"line":302,"column":16},"end":{"line":302,"column":67}},"type":"if","locations":[{"start":{"line":302,"column":16},"end":{"line":302,"column":67}},{"start":{"line":302,"column":16},"end":{"line":302,"column":67}}],"line":302},"18":{"loc":{"start":{"line":306,"column":16},"end":{"line":306,"column":69}},"type":"if","locations":[{"start":{"line":306,"column":16},"end":{"line":306,"column":69}},{"start":{"line":306,"column":16},"end":{"line":306,"column":69}}],"line":306},"19":{"loc":{"start":{"line":340,"column":16},"end":{"line":340,"column":67}},"type":"if","locations":[{"start":{"line":340,"column":16},"end":{"line":340,"column":67}},{"start":{"line":340,"column":16},"end":{"line":340,"column":67}}],"line":340},"20":{"loc":{"start":{"line":392,"column":16},"end":{"line":392,"column":62}},"type":"if","locations":[{"start":{"line":392,"column":16},"end":{"line":392,"column":62}},{"start":{"line":392,"column":16},"end":{"line":392,"column":62}}],"line":392},"21":{"loc":{"start":{"line":399,"column":20},"end":{"line":404,"column":21}},"type":"if","locations":[{"start":{"line":399,"column":20},"end":{"line":404,"column":21}},{"start":{"line":399,"column":20},"end":{"line":404,"column":21}}],"line":399},"22":{"loc":{"start":{"line":418,"column":16},"end":{"line":418,"column":62}},"type":"if","locations":[{"start":{"line":418,"column":16},"end":{"line":418,"column":62}},{"start":{"line":418,"column":16},"end":{"line":418,"column":62}}],"line":418},"23":{"loc":{"start":{"line":426,"column":24},"end":{"line":439,"column":25}},"type":"if","locations":[{"start":{"line":426,"column":24},"end":{"line":439,"column":25}},{"start":{"line":426,"column":24},"end":{"line":439,"column":25}}],"line":426},"24":{"loc":{"start":{"line":432,"column":32},"end":{"line":435,"column":33}},"type":"if","locations":[{"start":{"line":432,"column":32},"end":{"line":435,"column":33}},{"start":{"line":432,"column":32},"end":{"line":435,"column":33}}],"line":432},"25":{"loc":{"start":{"line":458,"column":16},"end":{"line":458,"column":66}},"type":"if","locations":[{"start":{"line":458,"column":16},"end":{"line":458,"column":66}},{"start":{"line":458,"column":16},"end":{"line":458,"column":66}}],"line":458},"26":{"loc":{"start":{"line":466,"column":24},"end":{"line":468,"column":25}},"type":"if","locations":[{"start":{"line":466,"column":24},"end":{"line":468,"column":25}},{"start":{"line":466,"column":24},"end":{"line":468,"column":25}}],"line":466},"27":{"loc":{"start":{"line":472,"column":24},"end":{"line":474,"column":25}},"type":"if","locations":[{"start":{"line":472,"column":24},"end":{"line":474,"column":25}},{"start":{"line":472,"column":24},"end":{"line":474,"column":25}}],"line":472},"28":{"loc":{"start":{"line":506,"column":16},"end":{"line":506,"column":66}},"type":"if","locations":[{"start":{"line":506,"column":16},"end":{"line":506,"column":66}},{"start":{"line":506,"column":16},"end":{"line":506,"column":66}}],"line":506},"29":{"loc":{"start":{"line":514,"column":24},"end":{"line":516,"column":25}},"type":"if","locations":[{"start":{"line":514,"column":24},"end":{"line":516,"column":25}},{"start":{"line":514,"column":24},"end":{"line":516,"column":25}}],"line":514},"30":{"loc":{"start":{"line":520,"column":24},"end":{"line":522,"column":25}},"type":"if","locations":[{"start":{"line":520,"column":24},"end":{"line":522,"column":25}},{"start":{"line":520,"column":24},"end":{"line":522,"column":25}}],"line":520},"31":{"loc":{"start":{"line":539,"column":20},"end":{"line":540,"column":35}},"type":"if","locations":[{"start":{"line":539,"column":20},"end":{"line":540,"column":35}},{"start":{"line":539,"column":20},"end":{"line":540,"column":35}}],"line":539},"32":{"loc":{"start":{"line":561,"column":8},"end":{"line":561,"column":60}},"type":"if","locations":[{"start":{"line":561,"column":8},"end":{"line":561,"column":60}},{"start":{"line":561,"column":8},"end":{"line":561,"column":60}}],"line":561},"33":{"loc":{"start":{"line":562,"column":8},"end":{"line":562,"column":80}},"type":"if","locations":[{"start":{"line":562,"column":8},"end":{"line":562,"column":80}},{"start":{"line":562,"column":8},"end":{"line":562,"column":80}}],"line":562},"34":{"loc":{"start":{"line":566,"column":16},"end":{"line":566,"column":107}},"type":"if","locations":[{"start":{"line":566,"column":16},"end":{"line":566,"column":107}},{"start":{"line":566,"column":16},"end":{"line":566,"column":107}}],"line":566},"35":{"loc":{"start":{"line":577,"column":16},"end":{"line":577,"column":137}},"type":"if","locations":[{"start":{"line":577,"column":16},"end":{"line":577,"column":137}},{"start":{"line":577,"column":16},"end":{"line":577,"column":137}}],"line":577},"36":{"loc":{"start":{"line":582,"column":16},"end":{"line":582,"column":145}},"type":"if","locations":[{"start":{"line":582,"column":16},"end":{"line":582,"column":145}},{"start":{"line":582,"column":16},"end":{"line":582,"column":145}}],"line":582},"37":{"loc":{"start":{"line":586,"column":20},"end":{"line":586,"column":95}},"type":"if","locations":[{"start":{"line":586,"column":20},"end":{"line":586,"column":95}},{"start":{"line":586,"column":20},"end":{"line":586,"column":95}}],"line":586},"38":{"loc":{"start":{"line":588,"column":16},"end":{"line":588,"column":107}},"type":"if","locations":[{"start":{"line":588,"column":16},"end":{"line":588,"column":107}},{"start":{"line":588,"column":16},"end":{"line":588,"column":107}}],"line":588},"39":{"loc":{"start":{"line":590,"column":16},"end":{"line":592,"column":17}},"type":"if","locations":[{"start":{"line":590,"column":16},"end":{"line":592,"column":17}},{"start":{"line":590,"column":16},"end":{"line":592,"column":17}}],"line":590},"40":{"loc":{"start":{"line":608,"column":16},"end":{"line":608,"column":62}},"type":"if","locations":[{"start":{"line":608,"column":16},"end":{"line":608,"column":62}},{"start":{"line":608,"column":16},"end":{"line":608,"column":62}}],"line":608},"41":{"loc":{"start":{"line":643,"column":16},"end":{"line":643,"column":107}},"type":"if","locations":[{"start":{"line":643,"column":16},"end":{"line":643,"column":107}},{"start":{"line":643,"column":16},"end":{"line":643,"column":107}}],"line":643},"42":{"loc":{"start":{"line":674,"column":16},"end":{"line":674,"column":62}},"type":"if","locations":[{"start":{"line":674,"column":16},"end":{"line":674,"column":62}},{"start":{"line":674,"column":16},"end":{"line":674,"column":62}}],"line":674},"43":{"loc":{"start":{"line":694,"column":16},"end":{"line":694,"column":62}},"type":"if","locations":[{"start":{"line":694,"column":16},"end":{"line":694,"column":62}},{"start":{"line":694,"column":16},"end":{"line":694,"column":62}}],"line":694},"44":{"loc":{"start":{"line":698,"column":16},"end":{"line":698,"column":63}},"type":"if","locations":[{"start":{"line":698,"column":16},"end":{"line":698,"column":63}},{"start":{"line":698,"column":16},"end":{"line":698,"column":63}}],"line":698}},"s":{"0":1,"1":1,"2":1,"3":1,"4":1,"5":1,"6":1,"7":54,"8":30,"9":1,"10":29,"11":29,"12":1,"13":28,"14":28,"15":28,"16":15,"17":3,"18":3,"19":1,"20":2,"21":2,"22":2,"23":1,"24":1,"25":1,"26":1,"27":8,"28":2,"29":2,"30":1,"31":1,"32":1,"33":1,"34":13,"35":7,"36":2,"37":5,"38":4,"39":1,"40":1,"41":14,"42":2,"43":2,"44":1,"45":1,"46":1,"47":1,"48":1,"49":1,"50":2,"51":1,"52":1,"53":2,"54":2,"55":2,"56":0,"57":2,"58":2,"59":2,"60":38,"61":26,"62":26,"63":1,"64":25,"65":1,"66":24,"67":24,"68":24,"69":24,"70":1,"71":23,"72":23,"73":23,"74":23,"75":23,"76":23,"77":32,"78":20,"79":20,"80":0,"81":20,"82":20,"83":1,"84":19,"85":19,"86":34,"87":0,"88":19,"89":19,"90":19,"91":19,"92":19,"93":19,"94":19,"95":7,"96":1,"97":1,"98":1,"99":1,"100":0,"101":0,"102":0,"103":0,"104":0,"105":0,"106":0,"107":0,"108":0,"109":15,"110":3,"111":3,"112":1,"113":2,"114":2,"115":1,"116":1,"117":1,"118":1,"119":1,"120":1,"121":1,"122":20,"123":2,"124":2,"125":1,"126":1,"127":1,"128":1,"129":1,"130":1,"131":1,"132":1,"133":14,"134":2,"135":2,"136":2,"137":2,"138":2,"139":2,"140":2,"141":2,"142":2,"143":2,"144":2,"145":2,"146":1,"147":1,"148":1,"149":0,"150":0,"151":0,"152":0,"153":0,"154":1,"155":2,"156":2,"157":2,"158":2,"159":1,"160":1,"161":1,"162":0,"163":0,"164":0,"165":0,"166":0,"167":0,"168":0,"169":0,"170":0,"171":0,"172":1,"173":2,"174":2,"175":2,"176":1,"177":1,"178":1,"179":1,"180":1,"181":1,"182":1,"183":1,"184":1,"185":1,"186":1,"187":1,"188":1,"189":1,"190":1,"191":1,"192":1,"193":1,"194":1,"195":1,"196":1,"197":2,"198":2,"199":2,"200":2,"201":0,"202":2,"203":2,"204":2,"205":2,"206":2,"207":2,"208":2,"209":2,"210":2,"211":2,"212":2,"213":2,"214":2,"215":2,"216":2,"217":2,"218":2,"219":2,"220":2,"221":2,"222":2,"223":1,"224":2,"225":2,"226":2,"227":2,"228":20,"229":8,"230":2,"231":6,"232":4,"233":2,"234":2,"235":1,"236":1,"237":10,"238":10,"239":10,"240":1,"241":9,"242":9,"243":1,"244":8,"245":2,"246":1,"247":7,"248":1,"249":6,"250":1,"251":6,"252":6,"253":2,"254":2,"255":1,"256":1,"257":1,"258":1,"259":1,"260":1,"261":1,"262":1,"263":0,"264":0,"265":1,"266":1,"267":1,"268":2,"269":2,"270":2,"271":1,"272":1,"273":1,"274":1,"275":1,"276":0,"277":1,"278":1,"279":6,"280":6,"281":6,"282":6,"283":3,"284":3,"285":3,"286":3,"287":1,"288":2,"289":1,"290":1,"291":1,"292":2,"293":4,"294":4,"295":4,"296":1,"297":3,"298":2,"299":3,"300":1,"301":2,"302":2,"303":1},"f":{"0":54,"1":29,"2":28,"3":28,"4":15,"5":3,"6":2,"7":1,"8":8,"9":2,"10":13,"11":14,"12":2,"13":1,"14":1,"15":1,"16":2,"17":2,"18":2,"19":38,"20":26,"21":24,"22":24,"23":23,"24":23,"25":23,"26":32,"27":20,"28":20,"29":20,"30":19,"31":19,"32":19,"33":19,"34":7,"35":1,"36":0,"37":0,"38":0,"39":15,"40":3,"41":2,"42":2,"43":1,"44":1,"45":20,"46":2,"47":1,"48":1,"49":1,"50":1,"51":1,"52":14,"53":2,"54":2,"55":2,"56":2,"57":2,"58":1,"59":0,"60":2,"61":2,"62":1,"63":0,"64":0,"65":0,"66":2,"67":2,"68":1,"69":1,"70":1,"71":1,"72":1,"73":2,"74":2,"75":2,"76":2,"77":2,"78":2,"79":2,"80":2,"81":2,"82":2,"83":20,"84":2,"85":1,"86":10,"87":10,"88":9,"89":9,"90":2,"91":2,"92":2,"93":1,"94":1,"95":0,"96":1,"97":1,"98":2,"99":2,"100":1,"101":1,"102":1,"103":1,"104":0,"105":6,"106":6,"107":6,"108":3,"109":3,"110":1,"111":4,"112":4,"113":2},"b":{"0":[1,29],"1":[1,28],"2":[1,2],"3":[1,1],"4":[1,1],"5":[2,5],"6":[4,1],"7":[1,1],"8":[0,2],"9":[1,25],"10":[1,24],"11":[1,23],"12":[0,20],"13":[1,19],"14":[0,34],"15":[1,0],"16":[0,0],"17":[1,2],"18":[1,1],"19":[1,1],"20":[1,1],"21":[0,0],"22":[1,1],"23":[0,0],"24":[0,0],"25":[1,1],"26":[1,0],"27":[1,0],"28":[0,2],"29":[2,0],"30":[2,0],"31":[1,1],"32":[2,6],"33":[4,2],"34":[1,1],"35":[1,9],"36":[1,8],"37":[1,1],"38":[1,6],"39":[1,5],"40":[1,1],"41":[1,1],"42":[1,2],"43":[1,3],"44":[1,2]},"_coverageSchema":"43e27e138ebf9cfc5966b082cf9a028302ed4184","hash":"7d6789e4d11676194be126bb82a12efb7f7dc981","contentHash":"0ccba929e94c08a2bce36ef7577e265a5303566def56369237cdb43158ee46bb"},"/home/jordi/bootcamp/collab/skylab-bootcamp-201901/staff/jordi-pujol/coworking/coworking-api/src/token-helper/index.js":{"path":"/home/jordi/bootcamp/collab/skylab-bootcamp-201901/staff/jordi-pujol/coworking/coworking-api/src/token-helper/index.js","statementMap":{"0":{"start":{"line":3,"column":12},"end":{"line":3,"column":35}},"1":{"start":{"line":5,"column":20},"end":{"line":36,"column":1}},"2":{"start":{"line":9,"column":8},"end":{"line":9,"column":77}},"3":{"start":{"line":13,"column":24},"end":{"line":13,"column":57}},"4":{"start":{"line":15,"column":8},"end":{"line":15,"column":70}},"5":{"start":{"line":15,"column":18},"end":{"line":15,"column":70}},"6":{"start":{"line":17,"column":8},"end":{"line":17,"column":18}},"7":{"start":{"line":21,"column":47},"end":{"line":21,"column":50}},"8":{"start":{"line":23,"column":22},"end":{"line":23,"column":48}},"9":{"start":{"line":25,"column":8},"end":{"line":32,"column":9}},"10":{"start":{"line":26,"column":27},"end":{"line":26,"column":50}},"11":{"start":{"line":28,"column":12},"end":{"line":28,"column":31}},"12":{"start":{"line":31,"column":12},"end":{"line":31,"column":59}},"13":{"start":{"line":34,"column":8},"end":{"line":34,"column":14}},"14":{"start":{"line":38,"column":62},"end":{"line":38,"column":73}},"15":{"start":{"line":40,"column":0},"end":{"line":40,"column":55}},"16":{"start":{"line":41,"column":0},"end":{"line":41,"column":55}},"17":{"start":{"line":42,"column":0},"end":{"line":42,"column":79}},"18":{"start":{"line":44,"column":0},"end":{"line":44,"column":28}}},"fnMap":{"0":{"name":"(anonymous_0)","decl":{"start":{"line":8,"column":4},"end":{"line":8,"column":5}},"loc":{"start":{"line":8,"column":24},"end":{"line":10,"column":5}},"line":8},"1":{"name":"(anonymous_1)","decl":{"start":{"line":12,"column":4},"end":{"line":12,"column":5}},"loc":{"start":{"line":12,"column":23},"end":{"line":18,"column":5}},"line":12},"2":{"name":"(anonymous_2)","decl":{"start":{"line":20,"column":4},"end":{"line":20,"column":5}},"loc":{"start":{"line":20,"column":44},"end":{"line":35,"column":5}},"line":20}},"branchMap":{"0":{"loc":{"start":{"line":15,"column":8},"end":{"line":15,"column":70}},"type":"if","locations":[{"start":{"line":15,"column":8},"end":{"line":15,"column":70}},{"start":{"line":15,"column":8},"end":{"line":15,"column":70}}],"line":15}},"s":{"0":1,"1":1,"2":1,"3":0,"4":0,"5":0,"6":0,"7":0,"8":0,"9":0,"10":0,"11":0,"12":0,"13":0,"14":1,"15":1,"16":1,"17":1,"18":1},"f":{"0":1,"1":0,"2":0},"b":{"0":[0,0]},"_coverageSchema":"43e27e138ebf9cfc5966b082cf9a028302ed4184","hash":"bff34a22f20ac62272531cf2e0ec99efa97f18fd","contentHash":"d66dbe400a24e1106f706eb3ad9ca9ff9e547683f64b58081ca106492ff7cff1"},"/home/jordi/bootcamp/collab/skylab-bootcamp-201901/staff/jordi-pujol/coworking/coworking-api/src/routes/route-helper/index.spec.js":{"path":"/home/jordi/bootcamp/collab/skylab-bootcamp-201901/staff/jordi-pujol/coworking/coworking-api/src/routes/route-helper/index.spec.js","statementMap":{},"fnMap":{},"branchMap":{},"s":{},"f":{},"b":{},"_coverageSchema":"43e27e138ebf9cfc5966b082cf9a028302ed4184","hash":"6141e0fe94c35a0f06cbaf554bcd77b5f86b5f5e","contentHash":"15e241fb3c566dc0721436ac9dfca53de5d0226900272b7fc905d9887e75b03e"}}